ARM GAS  C:\Users\imkar\AppData\Local\Temp\ccbRNjsY.s 			page 1


   1              		.cpu cortex-m4
   2              		.arch armv7e-m
   3              		.fpu fpv4-sp-d16
   4              		.eabi_attribute 27, 1
   5              		.eabi_attribute 28, 1
   6              		.eabi_attribute 20, 1
   7              		.eabi_attribute 21, 1
   8              		.eabi_attribute 23, 3
   9              		.eabi_attribute 24, 1
  10              		.eabi_attribute 25, 1
  11              		.eabi_attribute 26, 1
  12              		.eabi_attribute 30, 1
  13              		.eabi_attribute 34, 1
  14              		.eabi_attribute 18, 4
  15              		.file	"i2c.c"
  16              		.text
  17              	.Ltext0:
  18              		.cfi_sections	.debug_frame
  19              		.section	.text.MX_I2C2_Init,"ax",%progbits
  20              		.align	1
  21              		.global	MX_I2C2_Init
  22              		.syntax unified
  23              		.thumb
  24              		.thumb_func
  26              	MX_I2C2_Init:
  27              	.LFB132:
  28              		.file 1 "Core/Src/i2c.c"
   1:Core/Src/i2c.c **** /* USER CODE BEGIN Header */
   2:Core/Src/i2c.c **** /**
   3:Core/Src/i2c.c ****   ******************************************************************************
   4:Core/Src/i2c.c ****   * @file    i2c.c
   5:Core/Src/i2c.c ****   * @brief   This file provides code for the configuration
   6:Core/Src/i2c.c ****   *          of the I2C instances.
   7:Core/Src/i2c.c ****   ******************************************************************************
   8:Core/Src/i2c.c ****   * @attention
   9:Core/Src/i2c.c ****   *
  10:Core/Src/i2c.c ****   * Copyright (c) 2022 STMicroelectronics.
  11:Core/Src/i2c.c ****   * All rights reserved.
  12:Core/Src/i2c.c ****   *
  13:Core/Src/i2c.c ****   * This software is licensed under terms that can be found in the LICENSE file
  14:Core/Src/i2c.c ****   * in the root directory of this software component.
  15:Core/Src/i2c.c ****   * If no LICENSE file comes with this software, it is provided AS-IS.
  16:Core/Src/i2c.c ****   *
  17:Core/Src/i2c.c ****   ******************************************************************************
  18:Core/Src/i2c.c ****   */
  19:Core/Src/i2c.c **** /* USER CODE END Header */
  20:Core/Src/i2c.c **** /* Includes ------------------------------------------------------------------*/
  21:Core/Src/i2c.c **** #include "i2c.h"
  22:Core/Src/i2c.c **** 
  23:Core/Src/i2c.c **** /* USER CODE BEGIN 0 */
  24:Core/Src/i2c.c **** 
  25:Core/Src/i2c.c **** /* USER CODE END 0 */
  26:Core/Src/i2c.c **** 
  27:Core/Src/i2c.c **** I2C_HandleTypeDef hi2c2;
  28:Core/Src/i2c.c **** 
  29:Core/Src/i2c.c **** /* I2C2 init function */
  30:Core/Src/i2c.c **** void MX_I2C2_Init(void)
ARM GAS  C:\Users\imkar\AppData\Local\Temp\ccbRNjsY.s 			page 2


  31:Core/Src/i2c.c **** {
  29              		.loc 1 31 1 view -0
  30              		.cfi_startproc
  31              		@ args = 0, pretend = 0, frame = 0
  32              		@ frame_needed = 0, uses_anonymous_args = 0
  33 0000 08B5     		push	{r3, lr}
  34              	.LCFI0:
  35              		.cfi_def_cfa_offset 8
  36              		.cfi_offset 3, -8
  37              		.cfi_offset 14, -4
  32:Core/Src/i2c.c **** 
  33:Core/Src/i2c.c ****   /* USER CODE BEGIN I2C2_Init 0 */
  34:Core/Src/i2c.c **** 
  35:Core/Src/i2c.c ****   /* USER CODE END I2C2_Init 0 */
  36:Core/Src/i2c.c **** 
  37:Core/Src/i2c.c ****   /* USER CODE BEGIN I2C2_Init 1 */
  38:Core/Src/i2c.c **** 
  39:Core/Src/i2c.c ****   /* USER CODE END I2C2_Init 1 */
  40:Core/Src/i2c.c ****   hi2c2.Instance = I2C2;
  38              		.loc 1 40 3 view .LVU1
  39              		.loc 1 40 18 is_stmt 0 view .LVU2
  40 0002 1348     		ldr	r0, .L9
  41 0004 134B     		ldr	r3, .L9+4
  42 0006 0360     		str	r3, [r0]
  41:Core/Src/i2c.c ****   hi2c2.Init.Timing = 0x00000E14;
  43              		.loc 1 41 3 is_stmt 1 view .LVU3
  44              		.loc 1 41 21 is_stmt 0 view .LVU4
  45 0008 40F61463 		movw	r3, #3604
  46 000c 4360     		str	r3, [r0, #4]
  42:Core/Src/i2c.c ****   hi2c2.Init.OwnAddress1 = 0;
  47              		.loc 1 42 3 is_stmt 1 view .LVU5
  48              		.loc 1 42 26 is_stmt 0 view .LVU6
  49 000e 0023     		movs	r3, #0
  50 0010 8360     		str	r3, [r0, #8]
  43:Core/Src/i2c.c ****   hi2c2.Init.AddressingMode = I2C_ADDRESSINGMODE_7BIT;
  51              		.loc 1 43 3 is_stmt 1 view .LVU7
  52              		.loc 1 43 29 is_stmt 0 view .LVU8
  53 0012 0122     		movs	r2, #1
  54 0014 C260     		str	r2, [r0, #12]
  44:Core/Src/i2c.c ****   hi2c2.Init.DualAddressMode = I2C_DUALADDRESS_DISABLE;
  55              		.loc 1 44 3 is_stmt 1 view .LVU9
  56              		.loc 1 44 30 is_stmt 0 view .LVU10
  57 0016 0361     		str	r3, [r0, #16]
  45:Core/Src/i2c.c ****   hi2c2.Init.OwnAddress2 = 0;
  58              		.loc 1 45 3 is_stmt 1 view .LVU11
  59              		.loc 1 45 26 is_stmt 0 view .LVU12
  60 0018 4361     		str	r3, [r0, #20]
  46:Core/Src/i2c.c ****   hi2c2.Init.OwnAddress2Masks = I2C_OA2_NOMASK;
  61              		.loc 1 46 3 is_stmt 1 view .LVU13
  62              		.loc 1 46 31 is_stmt 0 view .LVU14
  63 001a 8361     		str	r3, [r0, #24]
  47:Core/Src/i2c.c ****   hi2c2.Init.GeneralCallMode = I2C_GENERALCALL_DISABLE;
  64              		.loc 1 47 3 is_stmt 1 view .LVU15
  65              		.loc 1 47 30 is_stmt 0 view .LVU16
  66 001c C361     		str	r3, [r0, #28]
  48:Core/Src/i2c.c ****   hi2c2.Init.NoStretchMode = I2C_NOSTRETCH_DISABLE;
  67              		.loc 1 48 3 is_stmt 1 view .LVU17
ARM GAS  C:\Users\imkar\AppData\Local\Temp\ccbRNjsY.s 			page 3


  68              		.loc 1 48 28 is_stmt 0 view .LVU18
  69 001e 0362     		str	r3, [r0, #32]
  49:Core/Src/i2c.c ****   if (HAL_I2C_Init(&hi2c2) != HAL_OK)
  70              		.loc 1 49 3 is_stmt 1 view .LVU19
  71              		.loc 1 49 7 is_stmt 0 view .LVU20
  72 0020 FFF7FEFF 		bl	HAL_I2C_Init
  73              	.LVL0:
  74              		.loc 1 49 6 view .LVU21
  75 0024 50B9     		cbnz	r0, .L6
  76              	.L2:
  50:Core/Src/i2c.c ****   {
  51:Core/Src/i2c.c ****     Error_Handler();
  52:Core/Src/i2c.c ****   }
  53:Core/Src/i2c.c **** 
  54:Core/Src/i2c.c ****   /** Configure Analogue filter
  55:Core/Src/i2c.c ****   */
  56:Core/Src/i2c.c ****   if (HAL_I2CEx_ConfigAnalogFilter(&hi2c2, I2C_ANALOGFILTER_ENABLE) != HAL_OK)
  77              		.loc 1 56 3 is_stmt 1 view .LVU22
  78              		.loc 1 56 7 is_stmt 0 view .LVU23
  79 0026 0021     		movs	r1, #0
  80 0028 0948     		ldr	r0, .L9
  81 002a FFF7FEFF 		bl	HAL_I2CEx_ConfigAnalogFilter
  82              	.LVL1:
  83              		.loc 1 56 6 view .LVU24
  84 002e 40B9     		cbnz	r0, .L7
  85              	.L3:
  57:Core/Src/i2c.c ****   {
  58:Core/Src/i2c.c ****     Error_Handler();
  59:Core/Src/i2c.c ****   }
  60:Core/Src/i2c.c **** 
  61:Core/Src/i2c.c ****   /** Configure Digital filter
  62:Core/Src/i2c.c ****   */
  63:Core/Src/i2c.c ****   if (HAL_I2CEx_ConfigDigitalFilter(&hi2c2, 0) != HAL_OK)
  86              		.loc 1 63 3 is_stmt 1 view .LVU25
  87              		.loc 1 63 7 is_stmt 0 view .LVU26
  88 0030 0021     		movs	r1, #0
  89 0032 0748     		ldr	r0, .L9
  90 0034 FFF7FEFF 		bl	HAL_I2CEx_ConfigDigitalFilter
  91              	.LVL2:
  92              		.loc 1 63 6 view .LVU27
  93 0038 30B9     		cbnz	r0, .L8
  94              	.L1:
  64:Core/Src/i2c.c ****   {
  65:Core/Src/i2c.c ****     Error_Handler();
  66:Core/Src/i2c.c ****   }
  67:Core/Src/i2c.c ****   /* USER CODE BEGIN I2C2_Init 2 */
  68:Core/Src/i2c.c **** 
  69:Core/Src/i2c.c ****   /* USER CODE END I2C2_Init 2 */
  70:Core/Src/i2c.c **** 
  71:Core/Src/i2c.c **** }
  95              		.loc 1 71 1 view .LVU28
  96 003a 08BD     		pop	{r3, pc}
  97              	.L6:
  51:Core/Src/i2c.c ****   }
  98              		.loc 1 51 5 is_stmt 1 view .LVU29
  99 003c FFF7FEFF 		bl	Error_Handler
 100              	.LVL3:
ARM GAS  C:\Users\imkar\AppData\Local\Temp\ccbRNjsY.s 			page 4


 101 0040 F1E7     		b	.L2
 102              	.L7:
  58:Core/Src/i2c.c ****   }
 103              		.loc 1 58 5 view .LVU30
 104 0042 FFF7FEFF 		bl	Error_Handler
 105              	.LVL4:
 106 0046 F3E7     		b	.L3
 107              	.L8:
  65:Core/Src/i2c.c ****   }
 108              		.loc 1 65 5 view .LVU31
 109 0048 FFF7FEFF 		bl	Error_Handler
 110              	.LVL5:
 111              		.loc 1 71 1 is_stmt 0 view .LVU32
 112 004c F5E7     		b	.L1
 113              	.L10:
 114 004e 00BF     		.align	2
 115              	.L9:
 116 0050 00000000 		.word	.LANCHOR0
 117 0054 00580040 		.word	1073764352
 118              		.cfi_endproc
 119              	.LFE132:
 121              		.section	.text.HAL_I2C_MspInit,"ax",%progbits
 122              		.align	1
 123              		.global	HAL_I2C_MspInit
 124              		.syntax unified
 125              		.thumb
 126              		.thumb_func
 128              	HAL_I2C_MspInit:
 129              	.LVL6:
 130              	.LFB133:
  72:Core/Src/i2c.c **** 
  73:Core/Src/i2c.c **** void HAL_I2C_MspInit(I2C_HandleTypeDef* i2cHandle)
  74:Core/Src/i2c.c **** {
 131              		.loc 1 74 1 is_stmt 1 view -0
 132              		.cfi_startproc
 133              		@ args = 0, pretend = 0, frame = 168
 134              		@ frame_needed = 0, uses_anonymous_args = 0
 135              		.loc 1 74 1 is_stmt 0 view .LVU34
 136 0000 10B5     		push	{r4, lr}
 137              	.LCFI1:
 138              		.cfi_def_cfa_offset 8
 139              		.cfi_offset 4, -8
 140              		.cfi_offset 14, -4
 141 0002 AAB0     		sub	sp, sp, #168
 142              	.LCFI2:
 143              		.cfi_def_cfa_offset 176
 144 0004 0446     		mov	r4, r0
  75:Core/Src/i2c.c **** 
  76:Core/Src/i2c.c ****   GPIO_InitTypeDef GPIO_InitStruct = {0};
 145              		.loc 1 76 3 is_stmt 1 view .LVU35
 146              		.loc 1 76 20 is_stmt 0 view .LVU36
 147 0006 0021     		movs	r1, #0
 148 0008 2591     		str	r1, [sp, #148]
 149 000a 2691     		str	r1, [sp, #152]
 150 000c 2791     		str	r1, [sp, #156]
 151 000e 2891     		str	r1, [sp, #160]
 152 0010 2991     		str	r1, [sp, #164]
ARM GAS  C:\Users\imkar\AppData\Local\Temp\ccbRNjsY.s 			page 5


  77:Core/Src/i2c.c ****   RCC_PeriphCLKInitTypeDef PeriphClkInit = {0};
 153              		.loc 1 77 3 is_stmt 1 view .LVU37
 154              		.loc 1 77 28 is_stmt 0 view .LVU38
 155 0012 8822     		movs	r2, #136
 156 0014 03A8     		add	r0, sp, #12
 157              	.LVL7:
 158              		.loc 1 77 28 view .LVU39
 159 0016 FFF7FEFF 		bl	memset
 160              	.LVL8:
  78:Core/Src/i2c.c ****   if(i2cHandle->Instance==I2C2)
 161              		.loc 1 78 3 is_stmt 1 view .LVU40
 162              		.loc 1 78 15 is_stmt 0 view .LVU41
 163 001a 2268     		ldr	r2, [r4]
 164              		.loc 1 78 5 view .LVU42
 165 001c 184B     		ldr	r3, .L17
 166 001e 9A42     		cmp	r2, r3
 167 0020 01D0     		beq	.L15
 168              	.LVL9:
 169              	.L11:
  79:Core/Src/i2c.c ****   {
  80:Core/Src/i2c.c ****   /* USER CODE BEGIN I2C2_MspInit 0 */
  81:Core/Src/i2c.c **** 
  82:Core/Src/i2c.c ****   /* USER CODE END I2C2_MspInit 0 */
  83:Core/Src/i2c.c **** 
  84:Core/Src/i2c.c ****   /** Initializes the peripherals clock
  85:Core/Src/i2c.c ****   */
  86:Core/Src/i2c.c ****     PeriphClkInit.PeriphClockSelection = RCC_PERIPHCLK_I2C2;
  87:Core/Src/i2c.c ****     PeriphClkInit.I2c2ClockSelection = RCC_I2C2CLKSOURCE_PCLK1;
  88:Core/Src/i2c.c ****     if (HAL_RCCEx_PeriphCLKConfig(&PeriphClkInit) != HAL_OK)
  89:Core/Src/i2c.c ****     {
  90:Core/Src/i2c.c ****       Error_Handler();
  91:Core/Src/i2c.c ****     }
  92:Core/Src/i2c.c **** 
  93:Core/Src/i2c.c ****     __HAL_RCC_GPIOB_CLK_ENABLE();
  94:Core/Src/i2c.c ****     /**I2C2 GPIO Configuration
  95:Core/Src/i2c.c ****     PB10     ------> I2C2_SCL
  96:Core/Src/i2c.c ****     PB11     ------> I2C2_SDA
  97:Core/Src/i2c.c ****     */
  98:Core/Src/i2c.c ****     GPIO_InitStruct.Pin = INTERNAL_I2C2_SCL_Pin|INTERNAL_I2C2_SDA_Pin;
  99:Core/Src/i2c.c ****     GPIO_InitStruct.Mode = GPIO_MODE_AF_OD;
 100:Core/Src/i2c.c ****     GPIO_InitStruct.Pull = GPIO_PULLUP;
 101:Core/Src/i2c.c ****     GPIO_InitStruct.Speed = GPIO_SPEED_FREQ_VERY_HIGH;
 102:Core/Src/i2c.c ****     GPIO_InitStruct.Alternate = GPIO_AF4_I2C2;
 103:Core/Src/i2c.c ****     HAL_GPIO_Init(GPIOB, &GPIO_InitStruct);
 104:Core/Src/i2c.c **** 
 105:Core/Src/i2c.c ****     /* I2C2 clock enable */
 106:Core/Src/i2c.c ****     __HAL_RCC_I2C2_CLK_ENABLE();
 107:Core/Src/i2c.c ****   /* USER CODE BEGIN I2C2_MspInit 1 */
 108:Core/Src/i2c.c **** 
 109:Core/Src/i2c.c ****   /* USER CODE END I2C2_MspInit 1 */
 110:Core/Src/i2c.c ****   }
 111:Core/Src/i2c.c **** }
 170              		.loc 1 111 1 view .LVU43
 171 0022 2AB0     		add	sp, sp, #168
 172              	.LCFI3:
 173              		.cfi_remember_state
 174              		.cfi_def_cfa_offset 8
ARM GAS  C:\Users\imkar\AppData\Local\Temp\ccbRNjsY.s 			page 6


 175              		@ sp needed
 176 0024 10BD     		pop	{r4, pc}
 177              	.LVL10:
 178              	.L15:
 179              	.LCFI4:
 180              		.cfi_restore_state
  86:Core/Src/i2c.c ****     PeriphClkInit.I2c2ClockSelection = RCC_I2C2CLKSOURCE_PCLK1;
 181              		.loc 1 86 5 is_stmt 1 view .LVU44
  86:Core/Src/i2c.c ****     PeriphClkInit.I2c2ClockSelection = RCC_I2C2CLKSOURCE_PCLK1;
 182              		.loc 1 86 40 is_stmt 0 view .LVU45
 183 0026 8023     		movs	r3, #128
 184 0028 0393     		str	r3, [sp, #12]
  87:Core/Src/i2c.c ****     if (HAL_RCCEx_PeriphCLKConfig(&PeriphClkInit) != HAL_OK)
 185              		.loc 1 87 5 is_stmt 1 view .LVU46
  88:Core/Src/i2c.c ****     {
 186              		.loc 1 88 5 view .LVU47
  88:Core/Src/i2c.c ****     {
 187              		.loc 1 88 9 is_stmt 0 view .LVU48
 188 002a 03A8     		add	r0, sp, #12
 189 002c FFF7FEFF 		bl	HAL_RCCEx_PeriphCLKConfig
 190              	.LVL11:
  88:Core/Src/i2c.c ****     {
 191              		.loc 1 88 8 view .LVU49
 192 0030 10BB     		cbnz	r0, .L16
 193              	.L13:
  93:Core/Src/i2c.c ****     /**I2C2 GPIO Configuration
 194              		.loc 1 93 5 is_stmt 1 view .LVU50
 195              	.LBB2:
  93:Core/Src/i2c.c ****     /**I2C2 GPIO Configuration
 196              		.loc 1 93 5 view .LVU51
  93:Core/Src/i2c.c ****     /**I2C2 GPIO Configuration
 197              		.loc 1 93 5 view .LVU52
 198 0032 144C     		ldr	r4, .L17+4
 199              	.LVL12:
  93:Core/Src/i2c.c ****     /**I2C2 GPIO Configuration
 200              		.loc 1 93 5 is_stmt 0 view .LVU53
 201 0034 E36C     		ldr	r3, [r4, #76]
 202 0036 43F00203 		orr	r3, r3, #2
 203 003a E364     		str	r3, [r4, #76]
  93:Core/Src/i2c.c ****     /**I2C2 GPIO Configuration
 204              		.loc 1 93 5 is_stmt 1 view .LVU54
 205 003c E36C     		ldr	r3, [r4, #76]
 206 003e 03F00203 		and	r3, r3, #2
 207 0042 0193     		str	r3, [sp, #4]
  93:Core/Src/i2c.c ****     /**I2C2 GPIO Configuration
 208              		.loc 1 93 5 view .LVU55
 209 0044 019B     		ldr	r3, [sp, #4]
 210              	.LBE2:
  93:Core/Src/i2c.c ****     /**I2C2 GPIO Configuration
 211              		.loc 1 93 5 view .LVU56
  98:Core/Src/i2c.c ****     GPIO_InitStruct.Mode = GPIO_MODE_AF_OD;
 212              		.loc 1 98 5 view .LVU57
  98:Core/Src/i2c.c ****     GPIO_InitStruct.Mode = GPIO_MODE_AF_OD;
 213              		.loc 1 98 25 is_stmt 0 view .LVU58
 214 0046 4FF44063 		mov	r3, #3072
 215 004a 2593     		str	r3, [sp, #148]
  99:Core/Src/i2c.c ****     GPIO_InitStruct.Pull = GPIO_PULLUP;
ARM GAS  C:\Users\imkar\AppData\Local\Temp\ccbRNjsY.s 			page 7


 216              		.loc 1 99 5 is_stmt 1 view .LVU59
  99:Core/Src/i2c.c ****     GPIO_InitStruct.Pull = GPIO_PULLUP;
 217              		.loc 1 99 26 is_stmt 0 view .LVU60
 218 004c 1223     		movs	r3, #18
 219 004e 2693     		str	r3, [sp, #152]
 100:Core/Src/i2c.c ****     GPIO_InitStruct.Speed = GPIO_SPEED_FREQ_VERY_HIGH;
 220              		.loc 1 100 5 is_stmt 1 view .LVU61
 100:Core/Src/i2c.c ****     GPIO_InitStruct.Speed = GPIO_SPEED_FREQ_VERY_HIGH;
 221              		.loc 1 100 26 is_stmt 0 view .LVU62
 222 0050 0123     		movs	r3, #1
 223 0052 2793     		str	r3, [sp, #156]
 101:Core/Src/i2c.c ****     GPIO_InitStruct.Alternate = GPIO_AF4_I2C2;
 224              		.loc 1 101 5 is_stmt 1 view .LVU63
 101:Core/Src/i2c.c ****     GPIO_InitStruct.Alternate = GPIO_AF4_I2C2;
 225              		.loc 1 101 27 is_stmt 0 view .LVU64
 226 0054 0323     		movs	r3, #3
 227 0056 2893     		str	r3, [sp, #160]
 102:Core/Src/i2c.c ****     HAL_GPIO_Init(GPIOB, &GPIO_InitStruct);
 228              		.loc 1 102 5 is_stmt 1 view .LVU65
 102:Core/Src/i2c.c ****     HAL_GPIO_Init(GPIOB, &GPIO_InitStruct);
 229              		.loc 1 102 31 is_stmt 0 view .LVU66
 230 0058 0423     		movs	r3, #4
 231 005a 2993     		str	r3, [sp, #164]
 103:Core/Src/i2c.c **** 
 232              		.loc 1 103 5 is_stmt 1 view .LVU67
 233 005c 25A9     		add	r1, sp, #148
 234 005e 0A48     		ldr	r0, .L17+8
 235 0060 FFF7FEFF 		bl	HAL_GPIO_Init
 236              	.LVL13:
 106:Core/Src/i2c.c ****   /* USER CODE BEGIN I2C2_MspInit 1 */
 237              		.loc 1 106 5 view .LVU68
 238              	.LBB3:
 106:Core/Src/i2c.c ****   /* USER CODE BEGIN I2C2_MspInit 1 */
 239              		.loc 1 106 5 view .LVU69
 106:Core/Src/i2c.c ****   /* USER CODE BEGIN I2C2_MspInit 1 */
 240              		.loc 1 106 5 view .LVU70
 241 0064 A36D     		ldr	r3, [r4, #88]
 242 0066 43F48003 		orr	r3, r3, #4194304
 243 006a A365     		str	r3, [r4, #88]
 106:Core/Src/i2c.c ****   /* USER CODE BEGIN I2C2_MspInit 1 */
 244              		.loc 1 106 5 view .LVU71
 245 006c A36D     		ldr	r3, [r4, #88]
 246 006e 03F48003 		and	r3, r3, #4194304
 247 0072 0293     		str	r3, [sp, #8]
 106:Core/Src/i2c.c ****   /* USER CODE BEGIN I2C2_MspInit 1 */
 248              		.loc 1 106 5 view .LVU72
 249 0074 029B     		ldr	r3, [sp, #8]
 250              	.LBE3:
 106:Core/Src/i2c.c ****   /* USER CODE BEGIN I2C2_MspInit 1 */
 251              		.loc 1 106 5 view .LVU73
 252              		.loc 1 111 1 is_stmt 0 view .LVU74
 253 0076 D4E7     		b	.L11
 254              	.LVL14:
 255              	.L16:
  90:Core/Src/i2c.c ****     }
 256              		.loc 1 90 7 is_stmt 1 view .LVU75
 257 0078 FFF7FEFF 		bl	Error_Handler
ARM GAS  C:\Users\imkar\AppData\Local\Temp\ccbRNjsY.s 			page 8


 258              	.LVL15:
 259 007c D9E7     		b	.L13
 260              	.L18:
 261 007e 00BF     		.align	2
 262              	.L17:
 263 0080 00580040 		.word	1073764352
 264 0084 00100240 		.word	1073876992
 265 0088 00040048 		.word	1207960576
 266              		.cfi_endproc
 267              	.LFE133:
 269              		.section	.text.HAL_I2C_MspDeInit,"ax",%progbits
 270              		.align	1
 271              		.global	HAL_I2C_MspDeInit
 272              		.syntax unified
 273              		.thumb
 274              		.thumb_func
 276              	HAL_I2C_MspDeInit:
 277              	.LVL16:
 278              	.LFB134:
 112:Core/Src/i2c.c **** 
 113:Core/Src/i2c.c **** void HAL_I2C_MspDeInit(I2C_HandleTypeDef* i2cHandle)
 114:Core/Src/i2c.c **** {
 279              		.loc 1 114 1 view -0
 280              		.cfi_startproc
 281              		@ args = 0, pretend = 0, frame = 0
 282              		@ frame_needed = 0, uses_anonymous_args = 0
 115:Core/Src/i2c.c **** 
 116:Core/Src/i2c.c ****   if(i2cHandle->Instance==I2C2)
 283              		.loc 1 116 3 view .LVU77
 284              		.loc 1 116 15 is_stmt 0 view .LVU78
 285 0000 0268     		ldr	r2, [r0]
 286              		.loc 1 116 5 view .LVU79
 287 0002 0B4B     		ldr	r3, .L26
 288 0004 9A42     		cmp	r2, r3
 289 0006 00D0     		beq	.L25
 290 0008 7047     		bx	lr
 291              	.L25:
 114:Core/Src/i2c.c **** 
 292              		.loc 1 114 1 view .LVU80
 293 000a 10B5     		push	{r4, lr}
 294              	.LCFI5:
 295              		.cfi_def_cfa_offset 8
 296              		.cfi_offset 4, -8
 297              		.cfi_offset 14, -4
 117:Core/Src/i2c.c ****   {
 118:Core/Src/i2c.c ****   /* USER CODE BEGIN I2C2_MspDeInit 0 */
 119:Core/Src/i2c.c **** 
 120:Core/Src/i2c.c ****   /* USER CODE END I2C2_MspDeInit 0 */
 121:Core/Src/i2c.c ****     /* Peripheral clock disable */
 122:Core/Src/i2c.c ****     __HAL_RCC_I2C2_CLK_DISABLE();
 298              		.loc 1 122 5 is_stmt 1 view .LVU81
 299 000c 094A     		ldr	r2, .L26+4
 300 000e 936D     		ldr	r3, [r2, #88]
 301 0010 23F48003 		bic	r3, r3, #4194304
 302 0014 9365     		str	r3, [r2, #88]
 123:Core/Src/i2c.c **** 
 124:Core/Src/i2c.c ****     /**I2C2 GPIO Configuration
ARM GAS  C:\Users\imkar\AppData\Local\Temp\ccbRNjsY.s 			page 9


 125:Core/Src/i2c.c ****     PB10     ------> I2C2_SCL
 126:Core/Src/i2c.c ****     PB11     ------> I2C2_SDA
 127:Core/Src/i2c.c ****     */
 128:Core/Src/i2c.c ****     HAL_GPIO_DeInit(INTERNAL_I2C2_SCL_GPIO_Port, INTERNAL_I2C2_SCL_Pin);
 303              		.loc 1 128 5 view .LVU82
 304 0016 084C     		ldr	r4, .L26+8
 305 0018 4FF48061 		mov	r1, #1024
 306 001c 2046     		mov	r0, r4
 307              	.LVL17:
 308              		.loc 1 128 5 is_stmt 0 view .LVU83
 309 001e FFF7FEFF 		bl	HAL_GPIO_DeInit
 310              	.LVL18:
 129:Core/Src/i2c.c **** 
 130:Core/Src/i2c.c ****     HAL_GPIO_DeInit(INTERNAL_I2C2_SDA_GPIO_Port, INTERNAL_I2C2_SDA_Pin);
 311              		.loc 1 130 5 is_stmt 1 view .LVU84
 312 0022 4FF40061 		mov	r1, #2048
 313 0026 2046     		mov	r0, r4
 314 0028 FFF7FEFF 		bl	HAL_GPIO_DeInit
 315              	.LVL19:
 131:Core/Src/i2c.c **** 
 132:Core/Src/i2c.c ****   /* USER CODE BEGIN I2C2_MspDeInit 1 */
 133:Core/Src/i2c.c **** 
 134:Core/Src/i2c.c ****   /* USER CODE END I2C2_MspDeInit 1 */
 135:Core/Src/i2c.c ****   }
 136:Core/Src/i2c.c **** }
 316              		.loc 1 136 1 is_stmt 0 view .LVU85
 317 002c 10BD     		pop	{r4, pc}
 318              	.L27:
 319 002e 00BF     		.align	2
 320              	.L26:
 321 0030 00580040 		.word	1073764352
 322 0034 00100240 		.word	1073876992
 323 0038 00040048 		.word	1207960576
 324              		.cfi_endproc
 325              	.LFE134:
 327              		.global	hi2c2
 328              		.section	.bss.hi2c2,"aw",%nobits
 329              		.align	2
 330              		.set	.LANCHOR0,. + 0
 333              	hi2c2:
 334 0000 00000000 		.space	76
 334      00000000 
 334      00000000 
 334      00000000 
 334      00000000 
 335              		.text
 336              	.Letext0:
 337              		.file 2 "c:\\tools\\gcc-arm-none-eabi-10.3-2021.10-win32\\gcc-arm-none-eabi-10.3-2021.10\\arm-none
 338              		.file 3 "c:\\tools\\gcc-arm-none-eabi-10.3-2021.10-win32\\gcc-arm-none-eabi-10.3-2021.10\\arm-none
 339              		.file 4 "Drivers/CMSIS/Device/ST/STM32L4xx/Include/stm32l475xx.h"
 340              		.file 5 "Drivers/STM32L4xx_HAL_Driver/Inc/stm32l4xx_hal_def.h"
 341              		.file 6 "Drivers/STM32L4xx_HAL_Driver/Inc/stm32l4xx_hal_rcc_ex.h"
 342              		.file 7 "Drivers/STM32L4xx_HAL_Driver/Inc/stm32l4xx_hal_gpio.h"
 343              		.file 8 "Drivers/STM32L4xx_HAL_Driver/Inc/stm32l4xx_hal_dma.h"
 344              		.file 9 "Drivers/STM32L4xx_HAL_Driver/Inc/stm32l4xx_hal_i2c.h"
 345              		.file 10 "Core/Inc/main.h"
 346              		.file 11 "Drivers/STM32L4xx_HAL_Driver/Inc/stm32l4xx_hal_i2c_ex.h"
ARM GAS  C:\Users\imkar\AppData\Local\Temp\ccbRNjsY.s 			page 10


 347              		.file 12 "Core/Inc/i2c.h"
 348              		.file 13 "<built-in>"
ARM GAS  C:\Users\imkar\AppData\Local\Temp\ccbRNjsY.s 			page 11


DEFINED SYMBOLS
                            *ABS*:00000000 i2c.c
C:\Users\imkar\AppData\Local\Temp\ccbRNjsY.s:20     .text.MX_I2C2_Init:00000000 $t
C:\Users\imkar\AppData\Local\Temp\ccbRNjsY.s:26     .text.MX_I2C2_Init:00000000 MX_I2C2_Init
C:\Users\imkar\AppData\Local\Temp\ccbRNjsY.s:116    .text.MX_I2C2_Init:00000050 $d
C:\Users\imkar\AppData\Local\Temp\ccbRNjsY.s:122    .text.HAL_I2C_MspInit:00000000 $t
C:\Users\imkar\AppData\Local\Temp\ccbRNjsY.s:128    .text.HAL_I2C_MspInit:00000000 HAL_I2C_MspInit
C:\Users\imkar\AppData\Local\Temp\ccbRNjsY.s:263    .text.HAL_I2C_MspInit:00000080 $d
C:\Users\imkar\AppData\Local\Temp\ccbRNjsY.s:270    .text.HAL_I2C_MspDeInit:00000000 $t
C:\Users\imkar\AppData\Local\Temp\ccbRNjsY.s:276    .text.HAL_I2C_MspDeInit:00000000 HAL_I2C_MspDeInit
C:\Users\imkar\AppData\Local\Temp\ccbRNjsY.s:321    .text.HAL_I2C_MspDeInit:00000030 $d
C:\Users\imkar\AppData\Local\Temp\ccbRNjsY.s:333    .bss.hi2c2:00000000 hi2c2
C:\Users\imkar\AppData\Local\Temp\ccbRNjsY.s:329    .bss.hi2c2:00000000 $d

UNDEFINED SYMBOLS
HAL_I2C_Init
HAL_I2CEx_ConfigAnalogFilter
HAL_I2CEx_ConfigDigitalFilter
Error_Handler
memset
HAL_RCCEx_PeriphCLKConfig
HAL_GPIO_Init
HAL_GPIO_DeInit
