ARM GAS  C:\Users\imkar\AppData\Local\Temp\ccWrGysQ.s 			page 1


   1              		.cpu cortex-m4
   2              		.arch armv7e-m
   3              		.fpu fpv4-sp-d16
   4              		.eabi_attribute 27, 1
   5              		.eabi_attribute 28, 1
   6              		.eabi_attribute 20, 1
   7              		.eabi_attribute 21, 1
   8              		.eabi_attribute 23, 3
   9              		.eabi_attribute 24, 1
  10              		.eabi_attribute 25, 1
  11              		.eabi_attribute 26, 1
  12              		.eabi_attribute 30, 1
  13              		.eabi_attribute 34, 1
  14              		.eabi_attribute 18, 4
  15              		.file	"stm32l4xx_hal_pcd_ex.c"
  16              		.text
  17              	.Ltext0:
  18              		.cfi_sections	.debug_frame
  19              		.section	.text.HAL_PCDEx_SetTxFiFo,"ax",%progbits
  20              		.align	1
  21              		.global	HAL_PCDEx_SetTxFiFo
  22              		.syntax unified
  23              		.thumb
  24              		.thumb_func
  26              	HAL_PCDEx_SetTxFiFo:
  27              	.LVL0:
  28              	.LFB132:
  29              		.file 1 "Drivers/STM32L4xx_HAL_Driver/Src/stm32l4xx_hal_pcd_ex.c"
   1:Drivers/STM32L4xx_HAL_Driver/Src/stm32l4xx_hal_pcd_ex.c **** /**
   2:Drivers/STM32L4xx_HAL_Driver/Src/stm32l4xx_hal_pcd_ex.c ****   ******************************************************************************
   3:Drivers/STM32L4xx_HAL_Driver/Src/stm32l4xx_hal_pcd_ex.c ****   * @file    stm32l4xx_hal_pcd_ex.c
   4:Drivers/STM32L4xx_HAL_Driver/Src/stm32l4xx_hal_pcd_ex.c ****   * @author  MCD Application Team
   5:Drivers/STM32L4xx_HAL_Driver/Src/stm32l4xx_hal_pcd_ex.c ****   * @brief   PCD Extended HAL module driver.
   6:Drivers/STM32L4xx_HAL_Driver/Src/stm32l4xx_hal_pcd_ex.c ****   *          This file provides firmware functions to manage the following
   7:Drivers/STM32L4xx_HAL_Driver/Src/stm32l4xx_hal_pcd_ex.c ****   *          functionalities of the USB Peripheral Controller:
   8:Drivers/STM32L4xx_HAL_Driver/Src/stm32l4xx_hal_pcd_ex.c ****   *           + Extended features functions
   9:Drivers/STM32L4xx_HAL_Driver/Src/stm32l4xx_hal_pcd_ex.c ****   *
  10:Drivers/STM32L4xx_HAL_Driver/Src/stm32l4xx_hal_pcd_ex.c ****   ******************************************************************************
  11:Drivers/STM32L4xx_HAL_Driver/Src/stm32l4xx_hal_pcd_ex.c ****   * @attention
  12:Drivers/STM32L4xx_HAL_Driver/Src/stm32l4xx_hal_pcd_ex.c ****   *
  13:Drivers/STM32L4xx_HAL_Driver/Src/stm32l4xx_hal_pcd_ex.c ****   * Copyright (c) 2017 STMicroelectronics.
  14:Drivers/STM32L4xx_HAL_Driver/Src/stm32l4xx_hal_pcd_ex.c ****   * All rights reserved.
  15:Drivers/STM32L4xx_HAL_Driver/Src/stm32l4xx_hal_pcd_ex.c ****   *
  16:Drivers/STM32L4xx_HAL_Driver/Src/stm32l4xx_hal_pcd_ex.c ****   * This software is licensed under terms that can be found in the LICENSE file
  17:Drivers/STM32L4xx_HAL_Driver/Src/stm32l4xx_hal_pcd_ex.c ****   * in the root directory of this software component.
  18:Drivers/STM32L4xx_HAL_Driver/Src/stm32l4xx_hal_pcd_ex.c ****   * If no LICENSE file comes with this software, it is provided AS-IS.
  19:Drivers/STM32L4xx_HAL_Driver/Src/stm32l4xx_hal_pcd_ex.c ****   *
  20:Drivers/STM32L4xx_HAL_Driver/Src/stm32l4xx_hal_pcd_ex.c ****   ******************************************************************************
  21:Drivers/STM32L4xx_HAL_Driver/Src/stm32l4xx_hal_pcd_ex.c ****   */
  22:Drivers/STM32L4xx_HAL_Driver/Src/stm32l4xx_hal_pcd_ex.c **** 
  23:Drivers/STM32L4xx_HAL_Driver/Src/stm32l4xx_hal_pcd_ex.c **** /* Includes ------------------------------------------------------------------*/
  24:Drivers/STM32L4xx_HAL_Driver/Src/stm32l4xx_hal_pcd_ex.c **** #include "stm32l4xx_hal.h"
  25:Drivers/STM32L4xx_HAL_Driver/Src/stm32l4xx_hal_pcd_ex.c **** 
  26:Drivers/STM32L4xx_HAL_Driver/Src/stm32l4xx_hal_pcd_ex.c **** /** @addtogroup STM32L4xx_HAL_Driver
  27:Drivers/STM32L4xx_HAL_Driver/Src/stm32l4xx_hal_pcd_ex.c ****   * @{
  28:Drivers/STM32L4xx_HAL_Driver/Src/stm32l4xx_hal_pcd_ex.c ****   */
  29:Drivers/STM32L4xx_HAL_Driver/Src/stm32l4xx_hal_pcd_ex.c **** 
ARM GAS  C:\Users\imkar\AppData\Local\Temp\ccWrGysQ.s 			page 2


  30:Drivers/STM32L4xx_HAL_Driver/Src/stm32l4xx_hal_pcd_ex.c **** /** @defgroup PCDEx PCDEx
  31:Drivers/STM32L4xx_HAL_Driver/Src/stm32l4xx_hal_pcd_ex.c ****   * @brief PCD Extended HAL module driver
  32:Drivers/STM32L4xx_HAL_Driver/Src/stm32l4xx_hal_pcd_ex.c ****   * @{
  33:Drivers/STM32L4xx_HAL_Driver/Src/stm32l4xx_hal_pcd_ex.c ****   */
  34:Drivers/STM32L4xx_HAL_Driver/Src/stm32l4xx_hal_pcd_ex.c **** 
  35:Drivers/STM32L4xx_HAL_Driver/Src/stm32l4xx_hal_pcd_ex.c **** #ifdef HAL_PCD_MODULE_ENABLED
  36:Drivers/STM32L4xx_HAL_Driver/Src/stm32l4xx_hal_pcd_ex.c **** 
  37:Drivers/STM32L4xx_HAL_Driver/Src/stm32l4xx_hal_pcd_ex.c **** #if defined (USB) || defined (USB_OTG_FS)
  38:Drivers/STM32L4xx_HAL_Driver/Src/stm32l4xx_hal_pcd_ex.c **** /* Private types -------------------------------------------------------------*/
  39:Drivers/STM32L4xx_HAL_Driver/Src/stm32l4xx_hal_pcd_ex.c **** /* Private variables ---------------------------------------------------------*/
  40:Drivers/STM32L4xx_HAL_Driver/Src/stm32l4xx_hal_pcd_ex.c **** /* Private constants ---------------------------------------------------------*/
  41:Drivers/STM32L4xx_HAL_Driver/Src/stm32l4xx_hal_pcd_ex.c **** /* Private macros ------------------------------------------------------------*/
  42:Drivers/STM32L4xx_HAL_Driver/Src/stm32l4xx_hal_pcd_ex.c **** /* Private functions ---------------------------------------------------------*/
  43:Drivers/STM32L4xx_HAL_Driver/Src/stm32l4xx_hal_pcd_ex.c **** /* Exported functions --------------------------------------------------------*/
  44:Drivers/STM32L4xx_HAL_Driver/Src/stm32l4xx_hal_pcd_ex.c **** 
  45:Drivers/STM32L4xx_HAL_Driver/Src/stm32l4xx_hal_pcd_ex.c **** /** @defgroup PCDEx_Exported_Functions PCDEx Exported Functions
  46:Drivers/STM32L4xx_HAL_Driver/Src/stm32l4xx_hal_pcd_ex.c ****   * @{
  47:Drivers/STM32L4xx_HAL_Driver/Src/stm32l4xx_hal_pcd_ex.c ****   */
  48:Drivers/STM32L4xx_HAL_Driver/Src/stm32l4xx_hal_pcd_ex.c **** 
  49:Drivers/STM32L4xx_HAL_Driver/Src/stm32l4xx_hal_pcd_ex.c **** /** @defgroup PCDEx_Exported_Functions_Group1 Peripheral Control functions
  50:Drivers/STM32L4xx_HAL_Driver/Src/stm32l4xx_hal_pcd_ex.c ****   * @brief    PCDEx control functions
  51:Drivers/STM32L4xx_HAL_Driver/Src/stm32l4xx_hal_pcd_ex.c ****   *
  52:Drivers/STM32L4xx_HAL_Driver/Src/stm32l4xx_hal_pcd_ex.c **** @verbatim
  53:Drivers/STM32L4xx_HAL_Driver/Src/stm32l4xx_hal_pcd_ex.c ****  ===============================================================================
  54:Drivers/STM32L4xx_HAL_Driver/Src/stm32l4xx_hal_pcd_ex.c ****                  ##### Extended features functions #####
  55:Drivers/STM32L4xx_HAL_Driver/Src/stm32l4xx_hal_pcd_ex.c ****  ===============================================================================
  56:Drivers/STM32L4xx_HAL_Driver/Src/stm32l4xx_hal_pcd_ex.c ****     [..]  This section provides functions allowing to:
  57:Drivers/STM32L4xx_HAL_Driver/Src/stm32l4xx_hal_pcd_ex.c ****       (+) Update FIFO configuration
  58:Drivers/STM32L4xx_HAL_Driver/Src/stm32l4xx_hal_pcd_ex.c **** 
  59:Drivers/STM32L4xx_HAL_Driver/Src/stm32l4xx_hal_pcd_ex.c **** @endverbatim
  60:Drivers/STM32L4xx_HAL_Driver/Src/stm32l4xx_hal_pcd_ex.c ****   * @{
  61:Drivers/STM32L4xx_HAL_Driver/Src/stm32l4xx_hal_pcd_ex.c ****   */
  62:Drivers/STM32L4xx_HAL_Driver/Src/stm32l4xx_hal_pcd_ex.c **** #if defined (USB_OTG_FS)
  63:Drivers/STM32L4xx_HAL_Driver/Src/stm32l4xx_hal_pcd_ex.c **** /**
  64:Drivers/STM32L4xx_HAL_Driver/Src/stm32l4xx_hal_pcd_ex.c ****   * @brief  Set Tx FIFO
  65:Drivers/STM32L4xx_HAL_Driver/Src/stm32l4xx_hal_pcd_ex.c ****   * @param  hpcd PCD handle
  66:Drivers/STM32L4xx_HAL_Driver/Src/stm32l4xx_hal_pcd_ex.c ****   * @param  fifo The number of Tx fifo
  67:Drivers/STM32L4xx_HAL_Driver/Src/stm32l4xx_hal_pcd_ex.c ****   * @param  size Fifo size
  68:Drivers/STM32L4xx_HAL_Driver/Src/stm32l4xx_hal_pcd_ex.c ****   * @retval HAL status
  69:Drivers/STM32L4xx_HAL_Driver/Src/stm32l4xx_hal_pcd_ex.c ****   */
  70:Drivers/STM32L4xx_HAL_Driver/Src/stm32l4xx_hal_pcd_ex.c **** HAL_StatusTypeDef HAL_PCDEx_SetTxFiFo(PCD_HandleTypeDef *hpcd, uint8_t fifo, uint16_t size)
  71:Drivers/STM32L4xx_HAL_Driver/Src/stm32l4xx_hal_pcd_ex.c **** {
  30              		.loc 1 71 1 view -0
  31              		.cfi_startproc
  32              		@ args = 0, pretend = 0, frame = 0
  33              		@ frame_needed = 0, uses_anonymous_args = 0
  34              		@ link register save eliminated.
  35              		.loc 1 71 1 is_stmt 0 view .LVU1
  36 0000 10B4     		push	{r4}
  37              	.LCFI0:
  38              		.cfi_def_cfa_offset 4
  39              		.cfi_offset 4, -4
  72:Drivers/STM32L4xx_HAL_Driver/Src/stm32l4xx_hal_pcd_ex.c ****   uint8_t i;
  40              		.loc 1 72 3 is_stmt 1 view .LVU2
  73:Drivers/STM32L4xx_HAL_Driver/Src/stm32l4xx_hal_pcd_ex.c ****   uint32_t Tx_Offset;
  41              		.loc 1 73 3 view .LVU3
  74:Drivers/STM32L4xx_HAL_Driver/Src/stm32l4xx_hal_pcd_ex.c **** 
ARM GAS  C:\Users\imkar\AppData\Local\Temp\ccWrGysQ.s 			page 3


  75:Drivers/STM32L4xx_HAL_Driver/Src/stm32l4xx_hal_pcd_ex.c ****   /*  TXn min size = 16 words. (n  : Transmit FIFO index)
  76:Drivers/STM32L4xx_HAL_Driver/Src/stm32l4xx_hal_pcd_ex.c ****       When a TxFIFO is not used, the Configuration should be as follows:
  77:Drivers/STM32L4xx_HAL_Driver/Src/stm32l4xx_hal_pcd_ex.c ****           case 1 :  n > m    and Txn is not used    (n,m  : Transmit FIFO indexes)
  78:Drivers/STM32L4xx_HAL_Driver/Src/stm32l4xx_hal_pcd_ex.c ****          --> Txm can use the space allocated for Txn.
  79:Drivers/STM32L4xx_HAL_Driver/Src/stm32l4xx_hal_pcd_ex.c ****          case2  :  n < m    and Txn is not used    (n,m  : Transmit FIFO indexes)
  80:Drivers/STM32L4xx_HAL_Driver/Src/stm32l4xx_hal_pcd_ex.c ****          --> Txn should be configured with the minimum space of 16 words
  81:Drivers/STM32L4xx_HAL_Driver/Src/stm32l4xx_hal_pcd_ex.c ****      The FIFO is used optimally when used TxFIFOs are allocated in the top
  82:Drivers/STM32L4xx_HAL_Driver/Src/stm32l4xx_hal_pcd_ex.c ****          of the FIFO.Ex: use EP1 and EP2 as IN instead of EP1 and EP3 as IN ones.
  83:Drivers/STM32L4xx_HAL_Driver/Src/stm32l4xx_hal_pcd_ex.c ****      When DMA is used 3n * FIFO locations should be reserved for internal DMA registers */
  84:Drivers/STM32L4xx_HAL_Driver/Src/stm32l4xx_hal_pcd_ex.c **** 
  85:Drivers/STM32L4xx_HAL_Driver/Src/stm32l4xx_hal_pcd_ex.c ****   Tx_Offset = hpcd->Instance->GRXFSIZ;
  42              		.loc 1 85 3 view .LVU4
  43              		.loc 1 85 19 is_stmt 0 view .LVU5
  44 0002 0468     		ldr	r4, [r0]
  45              		.loc 1 85 13 view .LVU6
  46 0004 606A     		ldr	r0, [r4, #36]
  47              	.LVL1:
  86:Drivers/STM32L4xx_HAL_Driver/Src/stm32l4xx_hal_pcd_ex.c **** 
  87:Drivers/STM32L4xx_HAL_Driver/Src/stm32l4xx_hal_pcd_ex.c ****   if (fifo == 0U)
  48              		.loc 1 87 3 is_stmt 1 view .LVU7
  49              		.loc 1 87 6 is_stmt 0 view .LVU8
  50 0006 31B9     		cbnz	r1, .L2
  88:Drivers/STM32L4xx_HAL_Driver/Src/stm32l4xx_hal_pcd_ex.c ****   {
  89:Drivers/STM32L4xx_HAL_Driver/Src/stm32l4xx_hal_pcd_ex.c ****     hpcd->Instance->DIEPTXF0_HNPTXFSIZ = ((uint32_t)size << 16) | Tx_Offset;
  51              		.loc 1 89 5 is_stmt 1 view .LVU9
  52              		.loc 1 89 65 is_stmt 0 view .LVU10
  53 0008 40EA0240 		orr	r0, r0, r2, lsl #16
  54              	.LVL2:
  55              		.loc 1 89 40 view .LVU11
  56 000c A062     		str	r0, [r4, #40]
  57              	.LVL3:
  58              	.L3:
  90:Drivers/STM32L4xx_HAL_Driver/Src/stm32l4xx_hal_pcd_ex.c ****   }
  91:Drivers/STM32L4xx_HAL_Driver/Src/stm32l4xx_hal_pcd_ex.c ****   else
  92:Drivers/STM32L4xx_HAL_Driver/Src/stm32l4xx_hal_pcd_ex.c ****   {
  93:Drivers/STM32L4xx_HAL_Driver/Src/stm32l4xx_hal_pcd_ex.c ****     Tx_Offset += (hpcd->Instance->DIEPTXF0_HNPTXFSIZ) >> 16;
  94:Drivers/STM32L4xx_HAL_Driver/Src/stm32l4xx_hal_pcd_ex.c ****     for (i = 0U; i < (fifo - 1U); i++)
  95:Drivers/STM32L4xx_HAL_Driver/Src/stm32l4xx_hal_pcd_ex.c ****     {
  96:Drivers/STM32L4xx_HAL_Driver/Src/stm32l4xx_hal_pcd_ex.c ****       Tx_Offset += (hpcd->Instance->DIEPTXF[i] >> 16);
  97:Drivers/STM32L4xx_HAL_Driver/Src/stm32l4xx_hal_pcd_ex.c ****     }
  98:Drivers/STM32L4xx_HAL_Driver/Src/stm32l4xx_hal_pcd_ex.c **** 
  99:Drivers/STM32L4xx_HAL_Driver/Src/stm32l4xx_hal_pcd_ex.c ****     /* Multiply Tx_Size by 2 to get higher performance */
 100:Drivers/STM32L4xx_HAL_Driver/Src/stm32l4xx_hal_pcd_ex.c ****     hpcd->Instance->DIEPTXF[fifo - 1U] = ((uint32_t)size << 16) | Tx_Offset;
 101:Drivers/STM32L4xx_HAL_Driver/Src/stm32l4xx_hal_pcd_ex.c ****   }
 102:Drivers/STM32L4xx_HAL_Driver/Src/stm32l4xx_hal_pcd_ex.c **** 
 103:Drivers/STM32L4xx_HAL_Driver/Src/stm32l4xx_hal_pcd_ex.c ****   return HAL_OK;
  59              		.loc 1 103 3 is_stmt 1 view .LVU12
 104:Drivers/STM32L4xx_HAL_Driver/Src/stm32l4xx_hal_pcd_ex.c **** }
  60              		.loc 1 104 1 is_stmt 0 view .LVU13
  61 000e 0020     		movs	r0, #0
  62 0010 5DF8044B 		ldr	r4, [sp], #4
  63              	.LCFI1:
  64              		.cfi_remember_state
  65              		.cfi_restore 4
  66              		.cfi_def_cfa_offset 0
  67 0014 7047     		bx	lr
  68              	.LVL4:
ARM GAS  C:\Users\imkar\AppData\Local\Temp\ccWrGysQ.s 			page 4


  69              	.L2:
  70              	.LCFI2:
  71              		.cfi_restore_state
  72              		.loc 1 104 1 view .LVU14
  73 0016 8C46     		mov	ip, r1
  93:Drivers/STM32L4xx_HAL_Driver/Src/stm32l4xx_hal_pcd_ex.c ****     for (i = 0U; i < (fifo - 1U); i++)
  74              		.loc 1 93 5 is_stmt 1 view .LVU15
  93:Drivers/STM32L4xx_HAL_Driver/Src/stm32l4xx_hal_pcd_ex.c ****     for (i = 0U; i < (fifo - 1U); i++)
  75              		.loc 1 93 33 is_stmt 0 view .LVU16
  76 0018 A36A     		ldr	r3, [r4, #40]
  93:Drivers/STM32L4xx_HAL_Driver/Src/stm32l4xx_hal_pcd_ex.c ****     for (i = 0U; i < (fifo - 1U); i++)
  77              		.loc 1 93 15 view .LVU17
  78 001a 00EB1340 		add	r0, r0, r3, lsr #16
  79              	.LVL5:
  94:Drivers/STM32L4xx_HAL_Driver/Src/stm32l4xx_hal_pcd_ex.c ****     {
  80              		.loc 1 94 5 is_stmt 1 view .LVU18
  94:Drivers/STM32L4xx_HAL_Driver/Src/stm32l4xx_hal_pcd_ex.c ****     {
  81              		.loc 1 94 12 is_stmt 0 view .LVU19
  82 001e 0023     		movs	r3, #0
  94:Drivers/STM32L4xx_HAL_Driver/Src/stm32l4xx_hal_pcd_ex.c ****     {
  83              		.loc 1 94 5 view .LVU20
  84 0020 08E0     		b	.L4
  85              	.LVL6:
  86              	.L5:
  96:Drivers/STM32L4xx_HAL_Driver/Src/stm32l4xx_hal_pcd_ex.c ****     }
  87              		.loc 1 96 7 is_stmt 1 discriminator 3 view .LVU21
  96:Drivers/STM32L4xx_HAL_Driver/Src/stm32l4xx_hal_pcd_ex.c ****     }
  88              		.loc 1 96 44 is_stmt 0 discriminator 3 view .LVU22
  89 0022 03F14001 		add	r1, r3, #64
  90 0026 04EB8101 		add	r1, r4, r1, lsl #2
  91 002a 4968     		ldr	r1, [r1, #4]
  96:Drivers/STM32L4xx_HAL_Driver/Src/stm32l4xx_hal_pcd_ex.c ****     }
  92              		.loc 1 96 17 discriminator 3 view .LVU23
  93 002c 00EB1140 		add	r0, r0, r1, lsr #16
  94              	.LVL7:
  94:Drivers/STM32L4xx_HAL_Driver/Src/stm32l4xx_hal_pcd_ex.c ****     {
  95              		.loc 1 94 35 is_stmt 1 discriminator 3 view .LVU24
  94:Drivers/STM32L4xx_HAL_Driver/Src/stm32l4xx_hal_pcd_ex.c ****     {
  96              		.loc 1 94 36 is_stmt 0 discriminator 3 view .LVU25
  97 0030 0133     		adds	r3, r3, #1
  98              	.LVL8:
  94:Drivers/STM32L4xx_HAL_Driver/Src/stm32l4xx_hal_pcd_ex.c ****     {
  99              		.loc 1 94 36 discriminator 3 view .LVU26
 100 0032 DBB2     		uxtb	r3, r3
 101              	.LVL9:
 102              	.L4:
  94:Drivers/STM32L4xx_HAL_Driver/Src/stm32l4xx_hal_pcd_ex.c ****     {
 103              		.loc 1 94 18 is_stmt 1 discriminator 1 view .LVU27
  94:Drivers/STM32L4xx_HAL_Driver/Src/stm32l4xx_hal_pcd_ex.c ****     {
 104              		.loc 1 94 28 is_stmt 0 discriminator 1 view .LVU28
 105 0034 0CF1FF31 		add	r1, ip, #-1
  94:Drivers/STM32L4xx_HAL_Driver/Src/stm32l4xx_hal_pcd_ex.c ****     {
 106              		.loc 1 94 5 discriminator 1 view .LVU29
 107 0038 8B42     		cmp	r3, r1
 108 003a F2D3     		bcc	.L5
 100:Drivers/STM32L4xx_HAL_Driver/Src/stm32l4xx_hal_pcd_ex.c ****   }
 109              		.loc 1 100 5 is_stmt 1 view .LVU30
ARM GAS  C:\Users\imkar\AppData\Local\Temp\ccWrGysQ.s 			page 5


 100:Drivers/STM32L4xx_HAL_Driver/Src/stm32l4xx_hal_pcd_ex.c ****   }
 110              		.loc 1 100 65 is_stmt 0 view .LVU31
 111 003c 40EA0240 		orr	r0, r0, r2, lsl #16
 112              	.LVL10:
 100:Drivers/STM32L4xx_HAL_Driver/Src/stm32l4xx_hal_pcd_ex.c ****   }
 113              		.loc 1 100 40 view .LVU32
 114 0040 0CF13F01 		add	r1, ip, #63
 115 0044 04EB8101 		add	r1, r4, r1, lsl #2
 116 0048 4860     		str	r0, [r1, #4]
 117 004a E0E7     		b	.L3
 118              		.cfi_endproc
 119              	.LFE132:
 121              		.section	.text.HAL_PCDEx_SetRxFiFo,"ax",%progbits
 122              		.align	1
 123              		.global	HAL_PCDEx_SetRxFiFo
 124              		.syntax unified
 125              		.thumb
 126              		.thumb_func
 128              	HAL_PCDEx_SetRxFiFo:
 129              	.LVL11:
 130              	.LFB133:
 105:Drivers/STM32L4xx_HAL_Driver/Src/stm32l4xx_hal_pcd_ex.c **** 
 106:Drivers/STM32L4xx_HAL_Driver/Src/stm32l4xx_hal_pcd_ex.c **** /**
 107:Drivers/STM32L4xx_HAL_Driver/Src/stm32l4xx_hal_pcd_ex.c ****   * @brief  Set Rx FIFO
 108:Drivers/STM32L4xx_HAL_Driver/Src/stm32l4xx_hal_pcd_ex.c ****   * @param  hpcd PCD handle
 109:Drivers/STM32L4xx_HAL_Driver/Src/stm32l4xx_hal_pcd_ex.c ****   * @param  size Size of Rx fifo
 110:Drivers/STM32L4xx_HAL_Driver/Src/stm32l4xx_hal_pcd_ex.c ****   * @retval HAL status
 111:Drivers/STM32L4xx_HAL_Driver/Src/stm32l4xx_hal_pcd_ex.c ****   */
 112:Drivers/STM32L4xx_HAL_Driver/Src/stm32l4xx_hal_pcd_ex.c **** HAL_StatusTypeDef HAL_PCDEx_SetRxFiFo(PCD_HandleTypeDef *hpcd, uint16_t size)
 113:Drivers/STM32L4xx_HAL_Driver/Src/stm32l4xx_hal_pcd_ex.c **** {
 131              		.loc 1 113 1 is_stmt 1 view -0
 132              		.cfi_startproc
 133              		@ args = 0, pretend = 0, frame = 0
 134              		@ frame_needed = 0, uses_anonymous_args = 0
 135              		@ link register save eliminated.
 114:Drivers/STM32L4xx_HAL_Driver/Src/stm32l4xx_hal_pcd_ex.c ****   hpcd->Instance->GRXFSIZ = size;
 136              		.loc 1 114 3 view .LVU34
 137              		.loc 1 114 7 is_stmt 0 view .LVU35
 138 0000 0368     		ldr	r3, [r0]
 139              		.loc 1 114 27 view .LVU36
 140 0002 5962     		str	r1, [r3, #36]
 115:Drivers/STM32L4xx_HAL_Driver/Src/stm32l4xx_hal_pcd_ex.c **** 
 116:Drivers/STM32L4xx_HAL_Driver/Src/stm32l4xx_hal_pcd_ex.c ****   return HAL_OK;
 141              		.loc 1 116 3 is_stmt 1 view .LVU37
 117:Drivers/STM32L4xx_HAL_Driver/Src/stm32l4xx_hal_pcd_ex.c **** }
 142              		.loc 1 117 1 is_stmt 0 view .LVU38
 143 0004 0020     		movs	r0, #0
 144              	.LVL12:
 145              		.loc 1 117 1 view .LVU39
 146 0006 7047     		bx	lr
 147              		.cfi_endproc
 148              	.LFE133:
 150              		.section	.text.HAL_PCDEx_ActivateLPM,"ax",%progbits
 151              		.align	1
 152              		.global	HAL_PCDEx_ActivateLPM
 153              		.syntax unified
 154              		.thumb
ARM GAS  C:\Users\imkar\AppData\Local\Temp\ccWrGysQ.s 			page 6


 155              		.thumb_func
 157              	HAL_PCDEx_ActivateLPM:
 158              	.LVL13:
 159              	.LFB134:
 118:Drivers/STM32L4xx_HAL_Driver/Src/stm32l4xx_hal_pcd_ex.c **** 
 119:Drivers/STM32L4xx_HAL_Driver/Src/stm32l4xx_hal_pcd_ex.c **** /**
 120:Drivers/STM32L4xx_HAL_Driver/Src/stm32l4xx_hal_pcd_ex.c ****   * @brief  Activate LPM feature.
 121:Drivers/STM32L4xx_HAL_Driver/Src/stm32l4xx_hal_pcd_ex.c ****   * @param  hpcd PCD handle
 122:Drivers/STM32L4xx_HAL_Driver/Src/stm32l4xx_hal_pcd_ex.c ****   * @retval HAL status
 123:Drivers/STM32L4xx_HAL_Driver/Src/stm32l4xx_hal_pcd_ex.c ****   */
 124:Drivers/STM32L4xx_HAL_Driver/Src/stm32l4xx_hal_pcd_ex.c **** HAL_StatusTypeDef HAL_PCDEx_ActivateLPM(PCD_HandleTypeDef *hpcd)
 125:Drivers/STM32L4xx_HAL_Driver/Src/stm32l4xx_hal_pcd_ex.c **** {
 160              		.loc 1 125 1 is_stmt 1 view -0
 161              		.cfi_startproc
 162              		@ args = 0, pretend = 0, frame = 0
 163              		@ frame_needed = 0, uses_anonymous_args = 0
 164              		@ link register save eliminated.
 165              		.loc 1 125 1 is_stmt 0 view .LVU41
 166 0000 0346     		mov	r3, r0
 126:Drivers/STM32L4xx_HAL_Driver/Src/stm32l4xx_hal_pcd_ex.c ****   USB_OTG_GlobalTypeDef *USBx = hpcd->Instance;
 167              		.loc 1 126 3 is_stmt 1 view .LVU42
 168              		.loc 1 126 26 is_stmt 0 view .LVU43
 169 0002 0268     		ldr	r2, [r0]
 170              	.LVL14:
 127:Drivers/STM32L4xx_HAL_Driver/Src/stm32l4xx_hal_pcd_ex.c **** 
 128:Drivers/STM32L4xx_HAL_Driver/Src/stm32l4xx_hal_pcd_ex.c ****   hpcd->lpm_active = 1U;
 171              		.loc 1 128 3 is_stmt 1 view .LVU44
 172              		.loc 1 128 20 is_stmt 0 view .LVU45
 173 0004 0121     		movs	r1, #1
 174 0006 C0F8FC13 		str	r1, [r0, #1020]
 129:Drivers/STM32L4xx_HAL_Driver/Src/stm32l4xx_hal_pcd_ex.c ****   hpcd->LPM_State = LPM_L0;
 175              		.loc 1 129 3 is_stmt 1 view .LVU46
 176              		.loc 1 129 19 is_stmt 0 view .LVU47
 177 000a 0020     		movs	r0, #0
 178              	.LVL15:
 179              		.loc 1 129 19 view .LVU48
 180 000c 83F8F403 		strb	r0, [r3, #1012]
 130:Drivers/STM32L4xx_HAL_Driver/Src/stm32l4xx_hal_pcd_ex.c ****   USBx->GINTMSK |= USB_OTG_GINTMSK_LPMINTM;
 181              		.loc 1 130 3 is_stmt 1 view .LVU49
 182              		.loc 1 130 17 is_stmt 0 view .LVU50
 183 0010 9369     		ldr	r3, [r2, #24]
 184              	.LVL16:
 185              		.loc 1 130 17 view .LVU51
 186 0012 43F00063 		orr	r3, r3, #134217728
 187 0016 9361     		str	r3, [r2, #24]
 131:Drivers/STM32L4xx_HAL_Driver/Src/stm32l4xx_hal_pcd_ex.c ****   USBx->GLPMCFG |= (USB_OTG_GLPMCFG_LPMEN | USB_OTG_GLPMCFG_LPMACK | USB_OTG_GLPMCFG_ENBESL);
 188              		.loc 1 131 3 is_stmt 1 view .LVU52
 189              		.loc 1 131 17 is_stmt 0 view .LVU53
 190 0018 536D     		ldr	r3, [r2, #84]
 191 001a 43F08053 		orr	r3, r3, #268435456
 192 001e 43F00303 		orr	r3, r3, #3
 193 0022 5365     		str	r3, [r2, #84]
 132:Drivers/STM32L4xx_HAL_Driver/Src/stm32l4xx_hal_pcd_ex.c **** 
 133:Drivers/STM32L4xx_HAL_Driver/Src/stm32l4xx_hal_pcd_ex.c ****   return HAL_OK;
 194              		.loc 1 133 3 is_stmt 1 view .LVU54
 134:Drivers/STM32L4xx_HAL_Driver/Src/stm32l4xx_hal_pcd_ex.c **** }
 195              		.loc 1 134 1 is_stmt 0 view .LVU55
ARM GAS  C:\Users\imkar\AppData\Local\Temp\ccWrGysQ.s 			page 7


 196 0024 7047     		bx	lr
 197              		.cfi_endproc
 198              	.LFE134:
 200              		.section	.text.HAL_PCDEx_DeActivateLPM,"ax",%progbits
 201              		.align	1
 202              		.global	HAL_PCDEx_DeActivateLPM
 203              		.syntax unified
 204              		.thumb
 205              		.thumb_func
 207              	HAL_PCDEx_DeActivateLPM:
 208              	.LVL17:
 209              	.LFB135:
 135:Drivers/STM32L4xx_HAL_Driver/Src/stm32l4xx_hal_pcd_ex.c **** 
 136:Drivers/STM32L4xx_HAL_Driver/Src/stm32l4xx_hal_pcd_ex.c **** /**
 137:Drivers/STM32L4xx_HAL_Driver/Src/stm32l4xx_hal_pcd_ex.c ****   * @brief  Deactivate LPM feature.
 138:Drivers/STM32L4xx_HAL_Driver/Src/stm32l4xx_hal_pcd_ex.c ****   * @param  hpcd PCD handle
 139:Drivers/STM32L4xx_HAL_Driver/Src/stm32l4xx_hal_pcd_ex.c ****   * @retval HAL status
 140:Drivers/STM32L4xx_HAL_Driver/Src/stm32l4xx_hal_pcd_ex.c ****   */
 141:Drivers/STM32L4xx_HAL_Driver/Src/stm32l4xx_hal_pcd_ex.c **** HAL_StatusTypeDef HAL_PCDEx_DeActivateLPM(PCD_HandleTypeDef *hpcd)
 142:Drivers/STM32L4xx_HAL_Driver/Src/stm32l4xx_hal_pcd_ex.c **** {
 210              		.loc 1 142 1 is_stmt 1 view -0
 211              		.cfi_startproc
 212              		@ args = 0, pretend = 0, frame = 0
 213              		@ frame_needed = 0, uses_anonymous_args = 0
 214              		@ link register save eliminated.
 215              		.loc 1 142 1 is_stmt 0 view .LVU57
 216 0000 0346     		mov	r3, r0
 143:Drivers/STM32L4xx_HAL_Driver/Src/stm32l4xx_hal_pcd_ex.c ****   USB_OTG_GlobalTypeDef *USBx = hpcd->Instance;
 217              		.loc 1 143 3 is_stmt 1 view .LVU58
 218              		.loc 1 143 26 is_stmt 0 view .LVU59
 219 0002 0268     		ldr	r2, [r0]
 220              	.LVL18:
 144:Drivers/STM32L4xx_HAL_Driver/Src/stm32l4xx_hal_pcd_ex.c **** 
 145:Drivers/STM32L4xx_HAL_Driver/Src/stm32l4xx_hal_pcd_ex.c ****   hpcd->lpm_active = 0U;
 221              		.loc 1 145 3 is_stmt 1 view .LVU60
 222              		.loc 1 145 20 is_stmt 0 view .LVU61
 223 0004 0020     		movs	r0, #0
 224              	.LVL19:
 225              		.loc 1 145 20 view .LVU62
 226 0006 C3F8FC03 		str	r0, [r3, #1020]
 146:Drivers/STM32L4xx_HAL_Driver/Src/stm32l4xx_hal_pcd_ex.c ****   USBx->GINTMSK &= ~USB_OTG_GINTMSK_LPMINTM;
 227              		.loc 1 146 3 is_stmt 1 view .LVU63
 228              		.loc 1 146 17 is_stmt 0 view .LVU64
 229 000a 9369     		ldr	r3, [r2, #24]
 230              	.LVL20:
 231              		.loc 1 146 17 view .LVU65
 232 000c 23F00063 		bic	r3, r3, #134217728
 233 0010 9361     		str	r3, [r2, #24]
 147:Drivers/STM32L4xx_HAL_Driver/Src/stm32l4xx_hal_pcd_ex.c ****   USBx->GLPMCFG &= ~(USB_OTG_GLPMCFG_LPMEN | USB_OTG_GLPMCFG_LPMACK | USB_OTG_GLPMCFG_ENBESL);
 234              		.loc 1 147 3 is_stmt 1 view .LVU66
 235              		.loc 1 147 17 is_stmt 0 view .LVU67
 236 0012 536D     		ldr	r3, [r2, #84]
 237 0014 23F08053 		bic	r3, r3, #268435456
 238 0018 23F00303 		bic	r3, r3, #3
 239 001c 5365     		str	r3, [r2, #84]
 148:Drivers/STM32L4xx_HAL_Driver/Src/stm32l4xx_hal_pcd_ex.c **** 
 149:Drivers/STM32L4xx_HAL_Driver/Src/stm32l4xx_hal_pcd_ex.c ****   return HAL_OK;
ARM GAS  C:\Users\imkar\AppData\Local\Temp\ccWrGysQ.s 			page 8


 240              		.loc 1 149 3 is_stmt 1 view .LVU68
 150:Drivers/STM32L4xx_HAL_Driver/Src/stm32l4xx_hal_pcd_ex.c **** }
 241              		.loc 1 150 1 is_stmt 0 view .LVU69
 242 001e 7047     		bx	lr
 243              		.cfi_endproc
 244              	.LFE135:
 246              		.section	.text.HAL_PCDEx_ActivateBCD,"ax",%progbits
 247              		.align	1
 248              		.global	HAL_PCDEx_ActivateBCD
 249              		.syntax unified
 250              		.thumb
 251              		.thumb_func
 253              	HAL_PCDEx_ActivateBCD:
 254              	.LVL21:
 255              	.LFB137:
 151:Drivers/STM32L4xx_HAL_Driver/Src/stm32l4xx_hal_pcd_ex.c **** 
 152:Drivers/STM32L4xx_HAL_Driver/Src/stm32l4xx_hal_pcd_ex.c **** 
 153:Drivers/STM32L4xx_HAL_Driver/Src/stm32l4xx_hal_pcd_ex.c **** /**
 154:Drivers/STM32L4xx_HAL_Driver/Src/stm32l4xx_hal_pcd_ex.c ****   * @brief  Handle BatteryCharging Process.
 155:Drivers/STM32L4xx_HAL_Driver/Src/stm32l4xx_hal_pcd_ex.c ****   * @param  hpcd PCD handle
 156:Drivers/STM32L4xx_HAL_Driver/Src/stm32l4xx_hal_pcd_ex.c ****   * @retval HAL status
 157:Drivers/STM32L4xx_HAL_Driver/Src/stm32l4xx_hal_pcd_ex.c ****   */
 158:Drivers/STM32L4xx_HAL_Driver/Src/stm32l4xx_hal_pcd_ex.c **** void HAL_PCDEx_BCD_VBUSDetect(PCD_HandleTypeDef *hpcd)
 159:Drivers/STM32L4xx_HAL_Driver/Src/stm32l4xx_hal_pcd_ex.c **** {
 160:Drivers/STM32L4xx_HAL_Driver/Src/stm32l4xx_hal_pcd_ex.c ****   USB_OTG_GlobalTypeDef *USBx = hpcd->Instance;
 161:Drivers/STM32L4xx_HAL_Driver/Src/stm32l4xx_hal_pcd_ex.c ****   uint32_t tickstart = HAL_GetTick();
 162:Drivers/STM32L4xx_HAL_Driver/Src/stm32l4xx_hal_pcd_ex.c **** 
 163:Drivers/STM32L4xx_HAL_Driver/Src/stm32l4xx_hal_pcd_ex.c ****   /* Enable DCD : Data Contact Detect */
 164:Drivers/STM32L4xx_HAL_Driver/Src/stm32l4xx_hal_pcd_ex.c ****   USBx->GCCFG |= USB_OTG_GCCFG_DCDEN;
 165:Drivers/STM32L4xx_HAL_Driver/Src/stm32l4xx_hal_pcd_ex.c **** 
 166:Drivers/STM32L4xx_HAL_Driver/Src/stm32l4xx_hal_pcd_ex.c ****   /* Wait Detect flag or a timeout is happen */
 167:Drivers/STM32L4xx_HAL_Driver/Src/stm32l4xx_hal_pcd_ex.c ****   while ((USBx->GCCFG & USB_OTG_GCCFG_DCDET) == 0U)
 168:Drivers/STM32L4xx_HAL_Driver/Src/stm32l4xx_hal_pcd_ex.c ****   {
 169:Drivers/STM32L4xx_HAL_Driver/Src/stm32l4xx_hal_pcd_ex.c ****     /* Check for the Timeout */
 170:Drivers/STM32L4xx_HAL_Driver/Src/stm32l4xx_hal_pcd_ex.c ****     if ((HAL_GetTick() - tickstart) > 1000U)
 171:Drivers/STM32L4xx_HAL_Driver/Src/stm32l4xx_hal_pcd_ex.c ****     {
 172:Drivers/STM32L4xx_HAL_Driver/Src/stm32l4xx_hal_pcd_ex.c **** #if (USE_HAL_PCD_REGISTER_CALLBACKS == 1U)
 173:Drivers/STM32L4xx_HAL_Driver/Src/stm32l4xx_hal_pcd_ex.c ****       hpcd->BCDCallback(hpcd, PCD_BCD_ERROR);
 174:Drivers/STM32L4xx_HAL_Driver/Src/stm32l4xx_hal_pcd_ex.c **** #else
 175:Drivers/STM32L4xx_HAL_Driver/Src/stm32l4xx_hal_pcd_ex.c ****       HAL_PCDEx_BCD_Callback(hpcd, PCD_BCD_ERROR);
 176:Drivers/STM32L4xx_HAL_Driver/Src/stm32l4xx_hal_pcd_ex.c **** #endif /* USE_HAL_PCD_REGISTER_CALLBACKS */
 177:Drivers/STM32L4xx_HAL_Driver/Src/stm32l4xx_hal_pcd_ex.c **** 
 178:Drivers/STM32L4xx_HAL_Driver/Src/stm32l4xx_hal_pcd_ex.c ****       return;
 179:Drivers/STM32L4xx_HAL_Driver/Src/stm32l4xx_hal_pcd_ex.c ****     }
 180:Drivers/STM32L4xx_HAL_Driver/Src/stm32l4xx_hal_pcd_ex.c ****   }
 181:Drivers/STM32L4xx_HAL_Driver/Src/stm32l4xx_hal_pcd_ex.c **** 
 182:Drivers/STM32L4xx_HAL_Driver/Src/stm32l4xx_hal_pcd_ex.c ****   /* Right response got */
 183:Drivers/STM32L4xx_HAL_Driver/Src/stm32l4xx_hal_pcd_ex.c ****   HAL_Delay(200U);
 184:Drivers/STM32L4xx_HAL_Driver/Src/stm32l4xx_hal_pcd_ex.c **** 
 185:Drivers/STM32L4xx_HAL_Driver/Src/stm32l4xx_hal_pcd_ex.c ****   /* Check Detect flag*/
 186:Drivers/STM32L4xx_HAL_Driver/Src/stm32l4xx_hal_pcd_ex.c ****   if ((USBx->GCCFG & USB_OTG_GCCFG_DCDET) == USB_OTG_GCCFG_DCDET)
 187:Drivers/STM32L4xx_HAL_Driver/Src/stm32l4xx_hal_pcd_ex.c ****   {
 188:Drivers/STM32L4xx_HAL_Driver/Src/stm32l4xx_hal_pcd_ex.c **** #if (USE_HAL_PCD_REGISTER_CALLBACKS == 1U)
 189:Drivers/STM32L4xx_HAL_Driver/Src/stm32l4xx_hal_pcd_ex.c ****     hpcd->BCDCallback(hpcd, PCD_BCD_CONTACT_DETECTION);
 190:Drivers/STM32L4xx_HAL_Driver/Src/stm32l4xx_hal_pcd_ex.c **** #else
 191:Drivers/STM32L4xx_HAL_Driver/Src/stm32l4xx_hal_pcd_ex.c ****     HAL_PCDEx_BCD_Callback(hpcd, PCD_BCD_CONTACT_DETECTION);
 192:Drivers/STM32L4xx_HAL_Driver/Src/stm32l4xx_hal_pcd_ex.c **** #endif /* USE_HAL_PCD_REGISTER_CALLBACKS */
ARM GAS  C:\Users\imkar\AppData\Local\Temp\ccWrGysQ.s 			page 9


 193:Drivers/STM32L4xx_HAL_Driver/Src/stm32l4xx_hal_pcd_ex.c ****   }
 194:Drivers/STM32L4xx_HAL_Driver/Src/stm32l4xx_hal_pcd_ex.c **** 
 195:Drivers/STM32L4xx_HAL_Driver/Src/stm32l4xx_hal_pcd_ex.c ****   /*Primary detection: checks if connected to Standard Downstream Port
 196:Drivers/STM32L4xx_HAL_Driver/Src/stm32l4xx_hal_pcd_ex.c ****   (without charging capability) */
 197:Drivers/STM32L4xx_HAL_Driver/Src/stm32l4xx_hal_pcd_ex.c ****   USBx->GCCFG &= ~ USB_OTG_GCCFG_DCDEN;
 198:Drivers/STM32L4xx_HAL_Driver/Src/stm32l4xx_hal_pcd_ex.c ****   HAL_Delay(50U);
 199:Drivers/STM32L4xx_HAL_Driver/Src/stm32l4xx_hal_pcd_ex.c ****   USBx->GCCFG |=  USB_OTG_GCCFG_PDEN;
 200:Drivers/STM32L4xx_HAL_Driver/Src/stm32l4xx_hal_pcd_ex.c ****   HAL_Delay(50U);
 201:Drivers/STM32L4xx_HAL_Driver/Src/stm32l4xx_hal_pcd_ex.c **** 
 202:Drivers/STM32L4xx_HAL_Driver/Src/stm32l4xx_hal_pcd_ex.c ****   if ((USBx->GCCFG & USB_OTG_GCCFG_PDET) == 0U)
 203:Drivers/STM32L4xx_HAL_Driver/Src/stm32l4xx_hal_pcd_ex.c ****   {
 204:Drivers/STM32L4xx_HAL_Driver/Src/stm32l4xx_hal_pcd_ex.c ****     /* Case of Standard Downstream Port */
 205:Drivers/STM32L4xx_HAL_Driver/Src/stm32l4xx_hal_pcd_ex.c **** #if (USE_HAL_PCD_REGISTER_CALLBACKS == 1U)
 206:Drivers/STM32L4xx_HAL_Driver/Src/stm32l4xx_hal_pcd_ex.c ****     hpcd->BCDCallback(hpcd, PCD_BCD_STD_DOWNSTREAM_PORT);
 207:Drivers/STM32L4xx_HAL_Driver/Src/stm32l4xx_hal_pcd_ex.c **** #else
 208:Drivers/STM32L4xx_HAL_Driver/Src/stm32l4xx_hal_pcd_ex.c ****     HAL_PCDEx_BCD_Callback(hpcd, PCD_BCD_STD_DOWNSTREAM_PORT);
 209:Drivers/STM32L4xx_HAL_Driver/Src/stm32l4xx_hal_pcd_ex.c **** #endif /* USE_HAL_PCD_REGISTER_CALLBACKS */
 210:Drivers/STM32L4xx_HAL_Driver/Src/stm32l4xx_hal_pcd_ex.c ****   }
 211:Drivers/STM32L4xx_HAL_Driver/Src/stm32l4xx_hal_pcd_ex.c ****   else
 212:Drivers/STM32L4xx_HAL_Driver/Src/stm32l4xx_hal_pcd_ex.c ****   {
 213:Drivers/STM32L4xx_HAL_Driver/Src/stm32l4xx_hal_pcd_ex.c ****     /* start secondary detection to check connection to Charging Downstream
 214:Drivers/STM32L4xx_HAL_Driver/Src/stm32l4xx_hal_pcd_ex.c ****     Port or Dedicated Charging Port */
 215:Drivers/STM32L4xx_HAL_Driver/Src/stm32l4xx_hal_pcd_ex.c ****     USBx->GCCFG &= ~ USB_OTG_GCCFG_PDEN;
 216:Drivers/STM32L4xx_HAL_Driver/Src/stm32l4xx_hal_pcd_ex.c ****     HAL_Delay(50U);
 217:Drivers/STM32L4xx_HAL_Driver/Src/stm32l4xx_hal_pcd_ex.c ****     USBx->GCCFG |=  USB_OTG_GCCFG_SDEN;
 218:Drivers/STM32L4xx_HAL_Driver/Src/stm32l4xx_hal_pcd_ex.c ****     HAL_Delay(50U);
 219:Drivers/STM32L4xx_HAL_Driver/Src/stm32l4xx_hal_pcd_ex.c **** 
 220:Drivers/STM32L4xx_HAL_Driver/Src/stm32l4xx_hal_pcd_ex.c ****     if ((USBx->GCCFG & USB_OTG_GCCFG_SDET) == USB_OTG_GCCFG_SDET)
 221:Drivers/STM32L4xx_HAL_Driver/Src/stm32l4xx_hal_pcd_ex.c ****     {
 222:Drivers/STM32L4xx_HAL_Driver/Src/stm32l4xx_hal_pcd_ex.c ****       /* case Dedicated Charging Port  */
 223:Drivers/STM32L4xx_HAL_Driver/Src/stm32l4xx_hal_pcd_ex.c **** #if (USE_HAL_PCD_REGISTER_CALLBACKS == 1U)
 224:Drivers/STM32L4xx_HAL_Driver/Src/stm32l4xx_hal_pcd_ex.c ****       hpcd->BCDCallback(hpcd, PCD_BCD_DEDICATED_CHARGING_PORT);
 225:Drivers/STM32L4xx_HAL_Driver/Src/stm32l4xx_hal_pcd_ex.c **** #else
 226:Drivers/STM32L4xx_HAL_Driver/Src/stm32l4xx_hal_pcd_ex.c ****       HAL_PCDEx_BCD_Callback(hpcd, PCD_BCD_DEDICATED_CHARGING_PORT);
 227:Drivers/STM32L4xx_HAL_Driver/Src/stm32l4xx_hal_pcd_ex.c **** #endif /* USE_HAL_PCD_REGISTER_CALLBACKS */
 228:Drivers/STM32L4xx_HAL_Driver/Src/stm32l4xx_hal_pcd_ex.c ****     }
 229:Drivers/STM32L4xx_HAL_Driver/Src/stm32l4xx_hal_pcd_ex.c ****     else
 230:Drivers/STM32L4xx_HAL_Driver/Src/stm32l4xx_hal_pcd_ex.c ****     {
 231:Drivers/STM32L4xx_HAL_Driver/Src/stm32l4xx_hal_pcd_ex.c ****       /* case Charging Downstream Port  */
 232:Drivers/STM32L4xx_HAL_Driver/Src/stm32l4xx_hal_pcd_ex.c **** #if (USE_HAL_PCD_REGISTER_CALLBACKS == 1U)
 233:Drivers/STM32L4xx_HAL_Driver/Src/stm32l4xx_hal_pcd_ex.c ****       hpcd->BCDCallback(hpcd, PCD_BCD_CHARGING_DOWNSTREAM_PORT);
 234:Drivers/STM32L4xx_HAL_Driver/Src/stm32l4xx_hal_pcd_ex.c **** #else
 235:Drivers/STM32L4xx_HAL_Driver/Src/stm32l4xx_hal_pcd_ex.c ****       HAL_PCDEx_BCD_Callback(hpcd, PCD_BCD_CHARGING_DOWNSTREAM_PORT);
 236:Drivers/STM32L4xx_HAL_Driver/Src/stm32l4xx_hal_pcd_ex.c **** #endif /* USE_HAL_PCD_REGISTER_CALLBACKS */
 237:Drivers/STM32L4xx_HAL_Driver/Src/stm32l4xx_hal_pcd_ex.c ****     }
 238:Drivers/STM32L4xx_HAL_Driver/Src/stm32l4xx_hal_pcd_ex.c ****   }
 239:Drivers/STM32L4xx_HAL_Driver/Src/stm32l4xx_hal_pcd_ex.c **** 
 240:Drivers/STM32L4xx_HAL_Driver/Src/stm32l4xx_hal_pcd_ex.c ****   /* Battery Charging capability discovery finished */
 241:Drivers/STM32L4xx_HAL_Driver/Src/stm32l4xx_hal_pcd_ex.c ****   (void)HAL_PCDEx_DeActivateBCD(hpcd);
 242:Drivers/STM32L4xx_HAL_Driver/Src/stm32l4xx_hal_pcd_ex.c **** 
 243:Drivers/STM32L4xx_HAL_Driver/Src/stm32l4xx_hal_pcd_ex.c **** #if (USE_HAL_PCD_REGISTER_CALLBACKS == 1U)
 244:Drivers/STM32L4xx_HAL_Driver/Src/stm32l4xx_hal_pcd_ex.c ****   hpcd->BCDCallback(hpcd, PCD_BCD_DISCOVERY_COMPLETED);
 245:Drivers/STM32L4xx_HAL_Driver/Src/stm32l4xx_hal_pcd_ex.c **** #else
 246:Drivers/STM32L4xx_HAL_Driver/Src/stm32l4xx_hal_pcd_ex.c ****   HAL_PCDEx_BCD_Callback(hpcd, PCD_BCD_DISCOVERY_COMPLETED);
 247:Drivers/STM32L4xx_HAL_Driver/Src/stm32l4xx_hal_pcd_ex.c **** #endif /* USE_HAL_PCD_REGISTER_CALLBACKS */
 248:Drivers/STM32L4xx_HAL_Driver/Src/stm32l4xx_hal_pcd_ex.c **** }
 249:Drivers/STM32L4xx_HAL_Driver/Src/stm32l4xx_hal_pcd_ex.c **** 
ARM GAS  C:\Users\imkar\AppData\Local\Temp\ccWrGysQ.s 			page 10


 250:Drivers/STM32L4xx_HAL_Driver/Src/stm32l4xx_hal_pcd_ex.c **** /**
 251:Drivers/STM32L4xx_HAL_Driver/Src/stm32l4xx_hal_pcd_ex.c ****   * @brief  Activate BatteryCharging feature.
 252:Drivers/STM32L4xx_HAL_Driver/Src/stm32l4xx_hal_pcd_ex.c ****   * @param  hpcd PCD handle
 253:Drivers/STM32L4xx_HAL_Driver/Src/stm32l4xx_hal_pcd_ex.c ****   * @retval HAL status
 254:Drivers/STM32L4xx_HAL_Driver/Src/stm32l4xx_hal_pcd_ex.c ****   */
 255:Drivers/STM32L4xx_HAL_Driver/Src/stm32l4xx_hal_pcd_ex.c **** HAL_StatusTypeDef HAL_PCDEx_ActivateBCD(PCD_HandleTypeDef *hpcd)
 256:Drivers/STM32L4xx_HAL_Driver/Src/stm32l4xx_hal_pcd_ex.c **** {
 256              		.loc 1 256 1 is_stmt 1 view -0
 257              		.cfi_startproc
 258              		@ args = 0, pretend = 0, frame = 0
 259              		@ frame_needed = 0, uses_anonymous_args = 0
 260              		@ link register save eliminated.
 257:Drivers/STM32L4xx_HAL_Driver/Src/stm32l4xx_hal_pcd_ex.c ****   USB_OTG_GlobalTypeDef *USBx = hpcd->Instance;
 261              		.loc 1 257 3 view .LVU71
 262              		.loc 1 257 26 is_stmt 0 view .LVU72
 263 0000 0368     		ldr	r3, [r0]
 264              	.LVL22:
 258:Drivers/STM32L4xx_HAL_Driver/Src/stm32l4xx_hal_pcd_ex.c **** 
 259:Drivers/STM32L4xx_HAL_Driver/Src/stm32l4xx_hal_pcd_ex.c ****   USBx->GCCFG &= ~(USB_OTG_GCCFG_PDEN);
 265              		.loc 1 259 3 is_stmt 1 view .LVU73
 266              		.loc 1 259 15 is_stmt 0 view .LVU74
 267 0002 9A6B     		ldr	r2, [r3, #56]
 268 0004 22F40022 		bic	r2, r2, #524288
 269 0008 9A63     		str	r2, [r3, #56]
 260:Drivers/STM32L4xx_HAL_Driver/Src/stm32l4xx_hal_pcd_ex.c ****   USBx->GCCFG &= ~(USB_OTG_GCCFG_SDEN);
 270              		.loc 1 260 3 is_stmt 1 view .LVU75
 271              		.loc 1 260 15 is_stmt 0 view .LVU76
 272 000a 9A6B     		ldr	r2, [r3, #56]
 273 000c 22F48012 		bic	r2, r2, #1048576
 274 0010 9A63     		str	r2, [r3, #56]
 261:Drivers/STM32L4xx_HAL_Driver/Src/stm32l4xx_hal_pcd_ex.c **** 
 262:Drivers/STM32L4xx_HAL_Driver/Src/stm32l4xx_hal_pcd_ex.c ****   /* Power Down USB transceiver  */
 263:Drivers/STM32L4xx_HAL_Driver/Src/stm32l4xx_hal_pcd_ex.c ****   USBx->GCCFG &= ~(USB_OTG_GCCFG_PWRDWN);
 275              		.loc 1 263 3 is_stmt 1 view .LVU77
 276              		.loc 1 263 15 is_stmt 0 view .LVU78
 277 0012 9A6B     		ldr	r2, [r3, #56]
 278 0014 22F48032 		bic	r2, r2, #65536
 279 0018 9A63     		str	r2, [r3, #56]
 264:Drivers/STM32L4xx_HAL_Driver/Src/stm32l4xx_hal_pcd_ex.c **** 
 265:Drivers/STM32L4xx_HAL_Driver/Src/stm32l4xx_hal_pcd_ex.c ****   /* Enable Battery charging */
 266:Drivers/STM32L4xx_HAL_Driver/Src/stm32l4xx_hal_pcd_ex.c ****   USBx->GCCFG |= USB_OTG_GCCFG_BCDEN;
 280              		.loc 1 266 3 is_stmt 1 view .LVU79
 281              		.loc 1 266 15 is_stmt 0 view .LVU80
 282 001a 9A6B     		ldr	r2, [r3, #56]
 283 001c 42F40032 		orr	r2, r2, #131072
 284 0020 9A63     		str	r2, [r3, #56]
 267:Drivers/STM32L4xx_HAL_Driver/Src/stm32l4xx_hal_pcd_ex.c **** 
 268:Drivers/STM32L4xx_HAL_Driver/Src/stm32l4xx_hal_pcd_ex.c ****   hpcd->battery_charging_active = 1U;
 285              		.loc 1 268 3 is_stmt 1 view .LVU81
 286              		.loc 1 268 33 is_stmt 0 view .LVU82
 287 0022 0123     		movs	r3, #1
 288              	.LVL23:
 289              		.loc 1 268 33 view .LVU83
 290 0024 C0F80034 		str	r3, [r0, #1024]
 269:Drivers/STM32L4xx_HAL_Driver/Src/stm32l4xx_hal_pcd_ex.c **** 
 270:Drivers/STM32L4xx_HAL_Driver/Src/stm32l4xx_hal_pcd_ex.c ****   return HAL_OK;
 291              		.loc 1 270 3 is_stmt 1 view .LVU84
ARM GAS  C:\Users\imkar\AppData\Local\Temp\ccWrGysQ.s 			page 11


 271:Drivers/STM32L4xx_HAL_Driver/Src/stm32l4xx_hal_pcd_ex.c **** }
 292              		.loc 1 271 1 is_stmt 0 view .LVU85
 293 0028 0020     		movs	r0, #0
 294              	.LVL24:
 295              		.loc 1 271 1 view .LVU86
 296 002a 7047     		bx	lr
 297              		.cfi_endproc
 298              	.LFE137:
 300              		.section	.text.HAL_PCDEx_DeActivateBCD,"ax",%progbits
 301              		.align	1
 302              		.global	HAL_PCDEx_DeActivateBCD
 303              		.syntax unified
 304              		.thumb
 305              		.thumb_func
 307              	HAL_PCDEx_DeActivateBCD:
 308              	.LVL25:
 309              	.LFB138:
 272:Drivers/STM32L4xx_HAL_Driver/Src/stm32l4xx_hal_pcd_ex.c **** 
 273:Drivers/STM32L4xx_HAL_Driver/Src/stm32l4xx_hal_pcd_ex.c **** /**
 274:Drivers/STM32L4xx_HAL_Driver/Src/stm32l4xx_hal_pcd_ex.c ****   * @brief  Deactivate BatteryCharging feature.
 275:Drivers/STM32L4xx_HAL_Driver/Src/stm32l4xx_hal_pcd_ex.c ****   * @param  hpcd PCD handle
 276:Drivers/STM32L4xx_HAL_Driver/Src/stm32l4xx_hal_pcd_ex.c ****   * @retval HAL status
 277:Drivers/STM32L4xx_HAL_Driver/Src/stm32l4xx_hal_pcd_ex.c ****   */
 278:Drivers/STM32L4xx_HAL_Driver/Src/stm32l4xx_hal_pcd_ex.c **** HAL_StatusTypeDef HAL_PCDEx_DeActivateBCD(PCD_HandleTypeDef *hpcd)
 279:Drivers/STM32L4xx_HAL_Driver/Src/stm32l4xx_hal_pcd_ex.c **** {
 310              		.loc 1 279 1 is_stmt 1 view -0
 311              		.cfi_startproc
 312              		@ args = 0, pretend = 0, frame = 0
 313              		@ frame_needed = 0, uses_anonymous_args = 0
 314              		@ link register save eliminated.
 315              		.loc 1 279 1 is_stmt 0 view .LVU88
 316 0000 0246     		mov	r2, r0
 280:Drivers/STM32L4xx_HAL_Driver/Src/stm32l4xx_hal_pcd_ex.c ****   USB_OTG_GlobalTypeDef *USBx = hpcd->Instance;
 317              		.loc 1 280 3 is_stmt 1 view .LVU89
 318              		.loc 1 280 26 is_stmt 0 view .LVU90
 319 0002 0368     		ldr	r3, [r0]
 320              	.LVL26:
 281:Drivers/STM32L4xx_HAL_Driver/Src/stm32l4xx_hal_pcd_ex.c **** 
 282:Drivers/STM32L4xx_HAL_Driver/Src/stm32l4xx_hal_pcd_ex.c ****   USBx->GCCFG &= ~(USB_OTG_GCCFG_SDEN);
 321              		.loc 1 282 3 is_stmt 1 view .LVU91
 322              		.loc 1 282 15 is_stmt 0 view .LVU92
 323 0004 996B     		ldr	r1, [r3, #56]
 324 0006 21F48011 		bic	r1, r1, #1048576
 325 000a 9963     		str	r1, [r3, #56]
 283:Drivers/STM32L4xx_HAL_Driver/Src/stm32l4xx_hal_pcd_ex.c ****   USBx->GCCFG &= ~(USB_OTG_GCCFG_PDEN);
 326              		.loc 1 283 3 is_stmt 1 view .LVU93
 327              		.loc 1 283 15 is_stmt 0 view .LVU94
 328 000c 996B     		ldr	r1, [r3, #56]
 329 000e 21F40021 		bic	r1, r1, #524288
 330 0012 9963     		str	r1, [r3, #56]
 284:Drivers/STM32L4xx_HAL_Driver/Src/stm32l4xx_hal_pcd_ex.c **** 
 285:Drivers/STM32L4xx_HAL_Driver/Src/stm32l4xx_hal_pcd_ex.c ****   /* Disable Battery charging */
 286:Drivers/STM32L4xx_HAL_Driver/Src/stm32l4xx_hal_pcd_ex.c ****   USBx->GCCFG &= ~(USB_OTG_GCCFG_BCDEN);
 331              		.loc 1 286 3 is_stmt 1 view .LVU95
 332              		.loc 1 286 15 is_stmt 0 view .LVU96
 333 0014 996B     		ldr	r1, [r3, #56]
 334 0016 21F40031 		bic	r1, r1, #131072
ARM GAS  C:\Users\imkar\AppData\Local\Temp\ccWrGysQ.s 			page 12


 335 001a 9963     		str	r1, [r3, #56]
 287:Drivers/STM32L4xx_HAL_Driver/Src/stm32l4xx_hal_pcd_ex.c **** 
 288:Drivers/STM32L4xx_HAL_Driver/Src/stm32l4xx_hal_pcd_ex.c ****   hpcd->battery_charging_active = 0U;
 336              		.loc 1 288 3 is_stmt 1 view .LVU97
 337              		.loc 1 288 33 is_stmt 0 view .LVU98
 338 001c 0020     		movs	r0, #0
 339              	.LVL27:
 340              		.loc 1 288 33 view .LVU99
 341 001e C2F80004 		str	r0, [r2, #1024]
 289:Drivers/STM32L4xx_HAL_Driver/Src/stm32l4xx_hal_pcd_ex.c **** 
 290:Drivers/STM32L4xx_HAL_Driver/Src/stm32l4xx_hal_pcd_ex.c ****   return HAL_OK;
 342              		.loc 1 290 3 is_stmt 1 view .LVU100
 291:Drivers/STM32L4xx_HAL_Driver/Src/stm32l4xx_hal_pcd_ex.c **** }
 343              		.loc 1 291 1 is_stmt 0 view .LVU101
 344 0022 7047     		bx	lr
 345              		.cfi_endproc
 346              	.LFE138:
 348              		.section	.text.HAL_PCDEx_LPM_Callback,"ax",%progbits
 349              		.align	1
 350              		.weak	HAL_PCDEx_LPM_Callback
 351              		.syntax unified
 352              		.thumb
 353              		.thumb_func
 355              	HAL_PCDEx_LPM_Callback:
 356              	.LVL28:
 357              	.LFB139:
 292:Drivers/STM32L4xx_HAL_Driver/Src/stm32l4xx_hal_pcd_ex.c **** 
 293:Drivers/STM32L4xx_HAL_Driver/Src/stm32l4xx_hal_pcd_ex.c **** #endif /* defined (USB_OTG_FS) */
 294:Drivers/STM32L4xx_HAL_Driver/Src/stm32l4xx_hal_pcd_ex.c **** #if defined (USB)
 295:Drivers/STM32L4xx_HAL_Driver/Src/stm32l4xx_hal_pcd_ex.c **** /**
 296:Drivers/STM32L4xx_HAL_Driver/Src/stm32l4xx_hal_pcd_ex.c ****   * @brief  Configure PMA for EP
 297:Drivers/STM32L4xx_HAL_Driver/Src/stm32l4xx_hal_pcd_ex.c ****   * @param  hpcd  Device instance
 298:Drivers/STM32L4xx_HAL_Driver/Src/stm32l4xx_hal_pcd_ex.c ****   * @param  ep_addr endpoint address
 299:Drivers/STM32L4xx_HAL_Driver/Src/stm32l4xx_hal_pcd_ex.c ****   * @param  ep_kind endpoint Kind
 300:Drivers/STM32L4xx_HAL_Driver/Src/stm32l4xx_hal_pcd_ex.c ****   *                  USB_SNG_BUF: Single Buffer used
 301:Drivers/STM32L4xx_HAL_Driver/Src/stm32l4xx_hal_pcd_ex.c ****   *                  USB_DBL_BUF: Double Buffer used
 302:Drivers/STM32L4xx_HAL_Driver/Src/stm32l4xx_hal_pcd_ex.c ****   * @param  pmaadress: EP address in The PMA: In case of single buffer endpoint
 303:Drivers/STM32L4xx_HAL_Driver/Src/stm32l4xx_hal_pcd_ex.c ****   *                   this parameter is 16-bit value providing the address
 304:Drivers/STM32L4xx_HAL_Driver/Src/stm32l4xx_hal_pcd_ex.c ****   *                   in PMA allocated to endpoint.
 305:Drivers/STM32L4xx_HAL_Driver/Src/stm32l4xx_hal_pcd_ex.c ****   *                   In case of double buffer endpoint this parameter
 306:Drivers/STM32L4xx_HAL_Driver/Src/stm32l4xx_hal_pcd_ex.c ****   *                   is a 32-bit value providing the endpoint buffer 0 address
 307:Drivers/STM32L4xx_HAL_Driver/Src/stm32l4xx_hal_pcd_ex.c ****   *                   in the LSB part of 32-bit value and endpoint buffer 1 address
 308:Drivers/STM32L4xx_HAL_Driver/Src/stm32l4xx_hal_pcd_ex.c ****   *                   in the MSB part of 32-bit value.
 309:Drivers/STM32L4xx_HAL_Driver/Src/stm32l4xx_hal_pcd_ex.c ****   * @retval HAL status
 310:Drivers/STM32L4xx_HAL_Driver/Src/stm32l4xx_hal_pcd_ex.c ****   */
 311:Drivers/STM32L4xx_HAL_Driver/Src/stm32l4xx_hal_pcd_ex.c **** 
 312:Drivers/STM32L4xx_HAL_Driver/Src/stm32l4xx_hal_pcd_ex.c **** HAL_StatusTypeDef  HAL_PCDEx_PMAConfig(PCD_HandleTypeDef *hpcd, uint16_t ep_addr,
 313:Drivers/STM32L4xx_HAL_Driver/Src/stm32l4xx_hal_pcd_ex.c ****                                        uint16_t ep_kind, uint32_t pmaadress)
 314:Drivers/STM32L4xx_HAL_Driver/Src/stm32l4xx_hal_pcd_ex.c **** {
 315:Drivers/STM32L4xx_HAL_Driver/Src/stm32l4xx_hal_pcd_ex.c ****   PCD_EPTypeDef *ep;
 316:Drivers/STM32L4xx_HAL_Driver/Src/stm32l4xx_hal_pcd_ex.c **** 
 317:Drivers/STM32L4xx_HAL_Driver/Src/stm32l4xx_hal_pcd_ex.c ****   /* initialize ep structure*/
 318:Drivers/STM32L4xx_HAL_Driver/Src/stm32l4xx_hal_pcd_ex.c ****   if ((0x80U & ep_addr) == 0x80U)
 319:Drivers/STM32L4xx_HAL_Driver/Src/stm32l4xx_hal_pcd_ex.c ****   {
 320:Drivers/STM32L4xx_HAL_Driver/Src/stm32l4xx_hal_pcd_ex.c ****     ep = &hpcd->IN_ep[ep_addr & EP_ADDR_MSK];
 321:Drivers/STM32L4xx_HAL_Driver/Src/stm32l4xx_hal_pcd_ex.c ****   }
 322:Drivers/STM32L4xx_HAL_Driver/Src/stm32l4xx_hal_pcd_ex.c ****   else
ARM GAS  C:\Users\imkar\AppData\Local\Temp\ccWrGysQ.s 			page 13


 323:Drivers/STM32L4xx_HAL_Driver/Src/stm32l4xx_hal_pcd_ex.c ****   {
 324:Drivers/STM32L4xx_HAL_Driver/Src/stm32l4xx_hal_pcd_ex.c ****     ep = &hpcd->OUT_ep[ep_addr];
 325:Drivers/STM32L4xx_HAL_Driver/Src/stm32l4xx_hal_pcd_ex.c ****   }
 326:Drivers/STM32L4xx_HAL_Driver/Src/stm32l4xx_hal_pcd_ex.c **** 
 327:Drivers/STM32L4xx_HAL_Driver/Src/stm32l4xx_hal_pcd_ex.c ****   /* Here we check if the endpoint is single or double Buffer*/
 328:Drivers/STM32L4xx_HAL_Driver/Src/stm32l4xx_hal_pcd_ex.c ****   if (ep_kind == PCD_SNG_BUF)
 329:Drivers/STM32L4xx_HAL_Driver/Src/stm32l4xx_hal_pcd_ex.c ****   {
 330:Drivers/STM32L4xx_HAL_Driver/Src/stm32l4xx_hal_pcd_ex.c ****     /* Single Buffer */
 331:Drivers/STM32L4xx_HAL_Driver/Src/stm32l4xx_hal_pcd_ex.c ****     ep->doublebuffer = 0U;
 332:Drivers/STM32L4xx_HAL_Driver/Src/stm32l4xx_hal_pcd_ex.c ****     /* Configure the PMA */
 333:Drivers/STM32L4xx_HAL_Driver/Src/stm32l4xx_hal_pcd_ex.c ****     ep->pmaadress = (uint16_t)pmaadress;
 334:Drivers/STM32L4xx_HAL_Driver/Src/stm32l4xx_hal_pcd_ex.c ****   }
 335:Drivers/STM32L4xx_HAL_Driver/Src/stm32l4xx_hal_pcd_ex.c **** #if (USE_USB_DOUBLE_BUFFER == 1U)
 336:Drivers/STM32L4xx_HAL_Driver/Src/stm32l4xx_hal_pcd_ex.c ****   else /* USB_DBL_BUF */
 337:Drivers/STM32L4xx_HAL_Driver/Src/stm32l4xx_hal_pcd_ex.c ****   {
 338:Drivers/STM32L4xx_HAL_Driver/Src/stm32l4xx_hal_pcd_ex.c ****     /* Double Buffer Endpoint */
 339:Drivers/STM32L4xx_HAL_Driver/Src/stm32l4xx_hal_pcd_ex.c ****     ep->doublebuffer = 1U;
 340:Drivers/STM32L4xx_HAL_Driver/Src/stm32l4xx_hal_pcd_ex.c ****     /* Configure the PMA */
 341:Drivers/STM32L4xx_HAL_Driver/Src/stm32l4xx_hal_pcd_ex.c ****     ep->pmaaddr0 = (uint16_t)(pmaadress & 0xFFFFU);
 342:Drivers/STM32L4xx_HAL_Driver/Src/stm32l4xx_hal_pcd_ex.c ****     ep->pmaaddr1 = (uint16_t)((pmaadress & 0xFFFF0000U) >> 16);
 343:Drivers/STM32L4xx_HAL_Driver/Src/stm32l4xx_hal_pcd_ex.c ****   }
 344:Drivers/STM32L4xx_HAL_Driver/Src/stm32l4xx_hal_pcd_ex.c **** #endif /* (USE_USB_DOUBLE_BUFFER == 1U) */
 345:Drivers/STM32L4xx_HAL_Driver/Src/stm32l4xx_hal_pcd_ex.c **** 
 346:Drivers/STM32L4xx_HAL_Driver/Src/stm32l4xx_hal_pcd_ex.c ****   return HAL_OK;
 347:Drivers/STM32L4xx_HAL_Driver/Src/stm32l4xx_hal_pcd_ex.c **** }
 348:Drivers/STM32L4xx_HAL_Driver/Src/stm32l4xx_hal_pcd_ex.c **** 
 349:Drivers/STM32L4xx_HAL_Driver/Src/stm32l4xx_hal_pcd_ex.c **** /**
 350:Drivers/STM32L4xx_HAL_Driver/Src/stm32l4xx_hal_pcd_ex.c ****   * @brief  Activate BatteryCharging feature.
 351:Drivers/STM32L4xx_HAL_Driver/Src/stm32l4xx_hal_pcd_ex.c ****   * @param  hpcd PCD handle
 352:Drivers/STM32L4xx_HAL_Driver/Src/stm32l4xx_hal_pcd_ex.c ****   * @retval HAL status
 353:Drivers/STM32L4xx_HAL_Driver/Src/stm32l4xx_hal_pcd_ex.c ****   */
 354:Drivers/STM32L4xx_HAL_Driver/Src/stm32l4xx_hal_pcd_ex.c **** HAL_StatusTypeDef HAL_PCDEx_ActivateBCD(PCD_HandleTypeDef *hpcd)
 355:Drivers/STM32L4xx_HAL_Driver/Src/stm32l4xx_hal_pcd_ex.c **** {
 356:Drivers/STM32L4xx_HAL_Driver/Src/stm32l4xx_hal_pcd_ex.c ****   USB_TypeDef *USBx = hpcd->Instance;
 357:Drivers/STM32L4xx_HAL_Driver/Src/stm32l4xx_hal_pcd_ex.c ****   hpcd->battery_charging_active = 1U;
 358:Drivers/STM32L4xx_HAL_Driver/Src/stm32l4xx_hal_pcd_ex.c **** 
 359:Drivers/STM32L4xx_HAL_Driver/Src/stm32l4xx_hal_pcd_ex.c ****   /* Enable BCD feature */
 360:Drivers/STM32L4xx_HAL_Driver/Src/stm32l4xx_hal_pcd_ex.c ****   USBx->BCDR |= USB_BCDR_BCDEN;
 361:Drivers/STM32L4xx_HAL_Driver/Src/stm32l4xx_hal_pcd_ex.c **** 
 362:Drivers/STM32L4xx_HAL_Driver/Src/stm32l4xx_hal_pcd_ex.c ****   /* Enable DCD : Data Contact Detect */
 363:Drivers/STM32L4xx_HAL_Driver/Src/stm32l4xx_hal_pcd_ex.c ****   USBx->BCDR &= ~(USB_BCDR_PDEN);
 364:Drivers/STM32L4xx_HAL_Driver/Src/stm32l4xx_hal_pcd_ex.c ****   USBx->BCDR &= ~(USB_BCDR_SDEN);
 365:Drivers/STM32L4xx_HAL_Driver/Src/stm32l4xx_hal_pcd_ex.c ****   USBx->BCDR |= USB_BCDR_DCDEN;
 366:Drivers/STM32L4xx_HAL_Driver/Src/stm32l4xx_hal_pcd_ex.c **** 
 367:Drivers/STM32L4xx_HAL_Driver/Src/stm32l4xx_hal_pcd_ex.c ****   return HAL_OK;
 368:Drivers/STM32L4xx_HAL_Driver/Src/stm32l4xx_hal_pcd_ex.c **** }
 369:Drivers/STM32L4xx_HAL_Driver/Src/stm32l4xx_hal_pcd_ex.c **** 
 370:Drivers/STM32L4xx_HAL_Driver/Src/stm32l4xx_hal_pcd_ex.c **** /**
 371:Drivers/STM32L4xx_HAL_Driver/Src/stm32l4xx_hal_pcd_ex.c ****   * @brief  Deactivate BatteryCharging feature.
 372:Drivers/STM32L4xx_HAL_Driver/Src/stm32l4xx_hal_pcd_ex.c ****   * @param  hpcd PCD handle
 373:Drivers/STM32L4xx_HAL_Driver/Src/stm32l4xx_hal_pcd_ex.c ****   * @retval HAL status
 374:Drivers/STM32L4xx_HAL_Driver/Src/stm32l4xx_hal_pcd_ex.c ****   */
 375:Drivers/STM32L4xx_HAL_Driver/Src/stm32l4xx_hal_pcd_ex.c **** HAL_StatusTypeDef HAL_PCDEx_DeActivateBCD(PCD_HandleTypeDef *hpcd)
 376:Drivers/STM32L4xx_HAL_Driver/Src/stm32l4xx_hal_pcd_ex.c **** {
 377:Drivers/STM32L4xx_HAL_Driver/Src/stm32l4xx_hal_pcd_ex.c ****   USB_TypeDef *USBx = hpcd->Instance;
 378:Drivers/STM32L4xx_HAL_Driver/Src/stm32l4xx_hal_pcd_ex.c ****   hpcd->battery_charging_active = 0U;
 379:Drivers/STM32L4xx_HAL_Driver/Src/stm32l4xx_hal_pcd_ex.c **** 
ARM GAS  C:\Users\imkar\AppData\Local\Temp\ccWrGysQ.s 			page 14


 380:Drivers/STM32L4xx_HAL_Driver/Src/stm32l4xx_hal_pcd_ex.c ****   /* Disable BCD feature */
 381:Drivers/STM32L4xx_HAL_Driver/Src/stm32l4xx_hal_pcd_ex.c ****   USBx->BCDR &= ~(USB_BCDR_BCDEN);
 382:Drivers/STM32L4xx_HAL_Driver/Src/stm32l4xx_hal_pcd_ex.c **** 
 383:Drivers/STM32L4xx_HAL_Driver/Src/stm32l4xx_hal_pcd_ex.c ****   return HAL_OK;
 384:Drivers/STM32L4xx_HAL_Driver/Src/stm32l4xx_hal_pcd_ex.c **** }
 385:Drivers/STM32L4xx_HAL_Driver/Src/stm32l4xx_hal_pcd_ex.c **** 
 386:Drivers/STM32L4xx_HAL_Driver/Src/stm32l4xx_hal_pcd_ex.c **** /**
 387:Drivers/STM32L4xx_HAL_Driver/Src/stm32l4xx_hal_pcd_ex.c ****   * @brief  Handle BatteryCharging Process.
 388:Drivers/STM32L4xx_HAL_Driver/Src/stm32l4xx_hal_pcd_ex.c ****   * @param  hpcd PCD handle
 389:Drivers/STM32L4xx_HAL_Driver/Src/stm32l4xx_hal_pcd_ex.c ****   * @retval HAL status
 390:Drivers/STM32L4xx_HAL_Driver/Src/stm32l4xx_hal_pcd_ex.c ****   */
 391:Drivers/STM32L4xx_HAL_Driver/Src/stm32l4xx_hal_pcd_ex.c **** void HAL_PCDEx_BCD_VBUSDetect(PCD_HandleTypeDef *hpcd)
 392:Drivers/STM32L4xx_HAL_Driver/Src/stm32l4xx_hal_pcd_ex.c **** {
 393:Drivers/STM32L4xx_HAL_Driver/Src/stm32l4xx_hal_pcd_ex.c ****   USB_TypeDef *USBx = hpcd->Instance;
 394:Drivers/STM32L4xx_HAL_Driver/Src/stm32l4xx_hal_pcd_ex.c ****   uint32_t tickstart = HAL_GetTick();
 395:Drivers/STM32L4xx_HAL_Driver/Src/stm32l4xx_hal_pcd_ex.c **** 
 396:Drivers/STM32L4xx_HAL_Driver/Src/stm32l4xx_hal_pcd_ex.c ****   /* Wait Detect flag or a timeout is happen */
 397:Drivers/STM32L4xx_HAL_Driver/Src/stm32l4xx_hal_pcd_ex.c ****   while ((USBx->BCDR & USB_BCDR_DCDET) == 0U)
 398:Drivers/STM32L4xx_HAL_Driver/Src/stm32l4xx_hal_pcd_ex.c ****   {
 399:Drivers/STM32L4xx_HAL_Driver/Src/stm32l4xx_hal_pcd_ex.c ****     /* Check for the Timeout */
 400:Drivers/STM32L4xx_HAL_Driver/Src/stm32l4xx_hal_pcd_ex.c ****     if ((HAL_GetTick() - tickstart) > 1000U)
 401:Drivers/STM32L4xx_HAL_Driver/Src/stm32l4xx_hal_pcd_ex.c ****     {
 402:Drivers/STM32L4xx_HAL_Driver/Src/stm32l4xx_hal_pcd_ex.c **** #if (USE_HAL_PCD_REGISTER_CALLBACKS == 1U)
 403:Drivers/STM32L4xx_HAL_Driver/Src/stm32l4xx_hal_pcd_ex.c ****       hpcd->BCDCallback(hpcd, PCD_BCD_ERROR);
 404:Drivers/STM32L4xx_HAL_Driver/Src/stm32l4xx_hal_pcd_ex.c **** #else
 405:Drivers/STM32L4xx_HAL_Driver/Src/stm32l4xx_hal_pcd_ex.c ****       HAL_PCDEx_BCD_Callback(hpcd, PCD_BCD_ERROR);
 406:Drivers/STM32L4xx_HAL_Driver/Src/stm32l4xx_hal_pcd_ex.c **** #endif /* USE_HAL_PCD_REGISTER_CALLBACKS */
 407:Drivers/STM32L4xx_HAL_Driver/Src/stm32l4xx_hal_pcd_ex.c **** 
 408:Drivers/STM32L4xx_HAL_Driver/Src/stm32l4xx_hal_pcd_ex.c ****       return;
 409:Drivers/STM32L4xx_HAL_Driver/Src/stm32l4xx_hal_pcd_ex.c ****     }
 410:Drivers/STM32L4xx_HAL_Driver/Src/stm32l4xx_hal_pcd_ex.c ****   }
 411:Drivers/STM32L4xx_HAL_Driver/Src/stm32l4xx_hal_pcd_ex.c **** 
 412:Drivers/STM32L4xx_HAL_Driver/Src/stm32l4xx_hal_pcd_ex.c ****   HAL_Delay(200U);
 413:Drivers/STM32L4xx_HAL_Driver/Src/stm32l4xx_hal_pcd_ex.c **** 
 414:Drivers/STM32L4xx_HAL_Driver/Src/stm32l4xx_hal_pcd_ex.c ****   /* Data Pin Contact ? Check Detect flag */
 415:Drivers/STM32L4xx_HAL_Driver/Src/stm32l4xx_hal_pcd_ex.c ****   if ((USBx->BCDR & USB_BCDR_DCDET) == USB_BCDR_DCDET)
 416:Drivers/STM32L4xx_HAL_Driver/Src/stm32l4xx_hal_pcd_ex.c ****   {
 417:Drivers/STM32L4xx_HAL_Driver/Src/stm32l4xx_hal_pcd_ex.c **** #if (USE_HAL_PCD_REGISTER_CALLBACKS == 1U)
 418:Drivers/STM32L4xx_HAL_Driver/Src/stm32l4xx_hal_pcd_ex.c ****     hpcd->BCDCallback(hpcd, PCD_BCD_CONTACT_DETECTION);
 419:Drivers/STM32L4xx_HAL_Driver/Src/stm32l4xx_hal_pcd_ex.c **** #else
 420:Drivers/STM32L4xx_HAL_Driver/Src/stm32l4xx_hal_pcd_ex.c ****     HAL_PCDEx_BCD_Callback(hpcd, PCD_BCD_CONTACT_DETECTION);
 421:Drivers/STM32L4xx_HAL_Driver/Src/stm32l4xx_hal_pcd_ex.c **** #endif /* USE_HAL_PCD_REGISTER_CALLBACKS */
 422:Drivers/STM32L4xx_HAL_Driver/Src/stm32l4xx_hal_pcd_ex.c ****   }
 423:Drivers/STM32L4xx_HAL_Driver/Src/stm32l4xx_hal_pcd_ex.c ****   /* Primary detection: checks if connected to Standard Downstream Port
 424:Drivers/STM32L4xx_HAL_Driver/Src/stm32l4xx_hal_pcd_ex.c ****   (without charging capability) */
 425:Drivers/STM32L4xx_HAL_Driver/Src/stm32l4xx_hal_pcd_ex.c ****   USBx->BCDR &= ~(USB_BCDR_DCDEN);
 426:Drivers/STM32L4xx_HAL_Driver/Src/stm32l4xx_hal_pcd_ex.c ****   HAL_Delay(50U);
 427:Drivers/STM32L4xx_HAL_Driver/Src/stm32l4xx_hal_pcd_ex.c ****   USBx->BCDR |= (USB_BCDR_PDEN);
 428:Drivers/STM32L4xx_HAL_Driver/Src/stm32l4xx_hal_pcd_ex.c ****   HAL_Delay(50U);
 429:Drivers/STM32L4xx_HAL_Driver/Src/stm32l4xx_hal_pcd_ex.c **** 
 430:Drivers/STM32L4xx_HAL_Driver/Src/stm32l4xx_hal_pcd_ex.c ****   /* If Charger detect ? */
 431:Drivers/STM32L4xx_HAL_Driver/Src/stm32l4xx_hal_pcd_ex.c ****   if ((USBx->BCDR & USB_BCDR_PDET) == USB_BCDR_PDET)
 432:Drivers/STM32L4xx_HAL_Driver/Src/stm32l4xx_hal_pcd_ex.c ****   {
 433:Drivers/STM32L4xx_HAL_Driver/Src/stm32l4xx_hal_pcd_ex.c ****     /* Start secondary detection to check connection to Charging Downstream
 434:Drivers/STM32L4xx_HAL_Driver/Src/stm32l4xx_hal_pcd_ex.c ****     Port or Dedicated Charging Port */
 435:Drivers/STM32L4xx_HAL_Driver/Src/stm32l4xx_hal_pcd_ex.c ****     USBx->BCDR &= ~(USB_BCDR_PDEN);
 436:Drivers/STM32L4xx_HAL_Driver/Src/stm32l4xx_hal_pcd_ex.c ****     HAL_Delay(50U);
ARM GAS  C:\Users\imkar\AppData\Local\Temp\ccWrGysQ.s 			page 15


 437:Drivers/STM32L4xx_HAL_Driver/Src/stm32l4xx_hal_pcd_ex.c ****     USBx->BCDR |= (USB_BCDR_SDEN);
 438:Drivers/STM32L4xx_HAL_Driver/Src/stm32l4xx_hal_pcd_ex.c ****     HAL_Delay(50U);
 439:Drivers/STM32L4xx_HAL_Driver/Src/stm32l4xx_hal_pcd_ex.c **** 
 440:Drivers/STM32L4xx_HAL_Driver/Src/stm32l4xx_hal_pcd_ex.c ****     /* If CDP ? */
 441:Drivers/STM32L4xx_HAL_Driver/Src/stm32l4xx_hal_pcd_ex.c ****     if ((USBx->BCDR & USB_BCDR_SDET) == USB_BCDR_SDET)
 442:Drivers/STM32L4xx_HAL_Driver/Src/stm32l4xx_hal_pcd_ex.c ****     {
 443:Drivers/STM32L4xx_HAL_Driver/Src/stm32l4xx_hal_pcd_ex.c ****       /* Dedicated Downstream Port DCP */
 444:Drivers/STM32L4xx_HAL_Driver/Src/stm32l4xx_hal_pcd_ex.c **** #if (USE_HAL_PCD_REGISTER_CALLBACKS == 1U)
 445:Drivers/STM32L4xx_HAL_Driver/Src/stm32l4xx_hal_pcd_ex.c ****       hpcd->BCDCallback(hpcd, PCD_BCD_DEDICATED_CHARGING_PORT);
 446:Drivers/STM32L4xx_HAL_Driver/Src/stm32l4xx_hal_pcd_ex.c **** #else
 447:Drivers/STM32L4xx_HAL_Driver/Src/stm32l4xx_hal_pcd_ex.c ****       HAL_PCDEx_BCD_Callback(hpcd, PCD_BCD_DEDICATED_CHARGING_PORT);
 448:Drivers/STM32L4xx_HAL_Driver/Src/stm32l4xx_hal_pcd_ex.c **** #endif /* USE_HAL_PCD_REGISTER_CALLBACKS */
 449:Drivers/STM32L4xx_HAL_Driver/Src/stm32l4xx_hal_pcd_ex.c ****     }
 450:Drivers/STM32L4xx_HAL_Driver/Src/stm32l4xx_hal_pcd_ex.c ****     else
 451:Drivers/STM32L4xx_HAL_Driver/Src/stm32l4xx_hal_pcd_ex.c ****     {
 452:Drivers/STM32L4xx_HAL_Driver/Src/stm32l4xx_hal_pcd_ex.c ****       /* Charging Downstream Port CDP */
 453:Drivers/STM32L4xx_HAL_Driver/Src/stm32l4xx_hal_pcd_ex.c **** #if (USE_HAL_PCD_REGISTER_CALLBACKS == 1U)
 454:Drivers/STM32L4xx_HAL_Driver/Src/stm32l4xx_hal_pcd_ex.c ****       hpcd->BCDCallback(hpcd, PCD_BCD_CHARGING_DOWNSTREAM_PORT);
 455:Drivers/STM32L4xx_HAL_Driver/Src/stm32l4xx_hal_pcd_ex.c **** #else
 456:Drivers/STM32L4xx_HAL_Driver/Src/stm32l4xx_hal_pcd_ex.c ****       HAL_PCDEx_BCD_Callback(hpcd, PCD_BCD_CHARGING_DOWNSTREAM_PORT);
 457:Drivers/STM32L4xx_HAL_Driver/Src/stm32l4xx_hal_pcd_ex.c **** #endif /* USE_HAL_PCD_REGISTER_CALLBACKS */
 458:Drivers/STM32L4xx_HAL_Driver/Src/stm32l4xx_hal_pcd_ex.c ****     }
 459:Drivers/STM32L4xx_HAL_Driver/Src/stm32l4xx_hal_pcd_ex.c ****   }
 460:Drivers/STM32L4xx_HAL_Driver/Src/stm32l4xx_hal_pcd_ex.c ****   else /* NO */
 461:Drivers/STM32L4xx_HAL_Driver/Src/stm32l4xx_hal_pcd_ex.c ****   {
 462:Drivers/STM32L4xx_HAL_Driver/Src/stm32l4xx_hal_pcd_ex.c ****     /* Standard Downstream Port */
 463:Drivers/STM32L4xx_HAL_Driver/Src/stm32l4xx_hal_pcd_ex.c **** #if (USE_HAL_PCD_REGISTER_CALLBACKS == 1U)
 464:Drivers/STM32L4xx_HAL_Driver/Src/stm32l4xx_hal_pcd_ex.c ****     hpcd->BCDCallback(hpcd, PCD_BCD_STD_DOWNSTREAM_PORT);
 465:Drivers/STM32L4xx_HAL_Driver/Src/stm32l4xx_hal_pcd_ex.c **** #else
 466:Drivers/STM32L4xx_HAL_Driver/Src/stm32l4xx_hal_pcd_ex.c ****     HAL_PCDEx_BCD_Callback(hpcd, PCD_BCD_STD_DOWNSTREAM_PORT);
 467:Drivers/STM32L4xx_HAL_Driver/Src/stm32l4xx_hal_pcd_ex.c **** #endif /* USE_HAL_PCD_REGISTER_CALLBACKS */
 468:Drivers/STM32L4xx_HAL_Driver/Src/stm32l4xx_hal_pcd_ex.c ****   }
 469:Drivers/STM32L4xx_HAL_Driver/Src/stm32l4xx_hal_pcd_ex.c **** 
 470:Drivers/STM32L4xx_HAL_Driver/Src/stm32l4xx_hal_pcd_ex.c ****   /* Battery Charging capability discovery finished Start Enumeration */
 471:Drivers/STM32L4xx_HAL_Driver/Src/stm32l4xx_hal_pcd_ex.c ****   (void)HAL_PCDEx_DeActivateBCD(hpcd);
 472:Drivers/STM32L4xx_HAL_Driver/Src/stm32l4xx_hal_pcd_ex.c **** #if (USE_HAL_PCD_REGISTER_CALLBACKS == 1U)
 473:Drivers/STM32L4xx_HAL_Driver/Src/stm32l4xx_hal_pcd_ex.c ****   hpcd->BCDCallback(hpcd, PCD_BCD_DISCOVERY_COMPLETED);
 474:Drivers/STM32L4xx_HAL_Driver/Src/stm32l4xx_hal_pcd_ex.c **** #else
 475:Drivers/STM32L4xx_HAL_Driver/Src/stm32l4xx_hal_pcd_ex.c ****   HAL_PCDEx_BCD_Callback(hpcd, PCD_BCD_DISCOVERY_COMPLETED);
 476:Drivers/STM32L4xx_HAL_Driver/Src/stm32l4xx_hal_pcd_ex.c **** #endif /* USE_HAL_PCD_REGISTER_CALLBACKS */
 477:Drivers/STM32L4xx_HAL_Driver/Src/stm32l4xx_hal_pcd_ex.c **** }
 478:Drivers/STM32L4xx_HAL_Driver/Src/stm32l4xx_hal_pcd_ex.c **** 
 479:Drivers/STM32L4xx_HAL_Driver/Src/stm32l4xx_hal_pcd_ex.c **** 
 480:Drivers/STM32L4xx_HAL_Driver/Src/stm32l4xx_hal_pcd_ex.c **** /**
 481:Drivers/STM32L4xx_HAL_Driver/Src/stm32l4xx_hal_pcd_ex.c ****   * @brief  Activate LPM feature.
 482:Drivers/STM32L4xx_HAL_Driver/Src/stm32l4xx_hal_pcd_ex.c ****   * @param  hpcd PCD handle
 483:Drivers/STM32L4xx_HAL_Driver/Src/stm32l4xx_hal_pcd_ex.c ****   * @retval HAL status
 484:Drivers/STM32L4xx_HAL_Driver/Src/stm32l4xx_hal_pcd_ex.c ****   */
 485:Drivers/STM32L4xx_HAL_Driver/Src/stm32l4xx_hal_pcd_ex.c **** HAL_StatusTypeDef HAL_PCDEx_ActivateLPM(PCD_HandleTypeDef *hpcd)
 486:Drivers/STM32L4xx_HAL_Driver/Src/stm32l4xx_hal_pcd_ex.c **** {
 487:Drivers/STM32L4xx_HAL_Driver/Src/stm32l4xx_hal_pcd_ex.c **** 
 488:Drivers/STM32L4xx_HAL_Driver/Src/stm32l4xx_hal_pcd_ex.c ****   USB_TypeDef *USBx = hpcd->Instance;
 489:Drivers/STM32L4xx_HAL_Driver/Src/stm32l4xx_hal_pcd_ex.c ****   hpcd->lpm_active = 1U;
 490:Drivers/STM32L4xx_HAL_Driver/Src/stm32l4xx_hal_pcd_ex.c ****   hpcd->LPM_State = LPM_L0;
 491:Drivers/STM32L4xx_HAL_Driver/Src/stm32l4xx_hal_pcd_ex.c **** 
 492:Drivers/STM32L4xx_HAL_Driver/Src/stm32l4xx_hal_pcd_ex.c ****   USBx->LPMCSR |= USB_LPMCSR_LMPEN;
 493:Drivers/STM32L4xx_HAL_Driver/Src/stm32l4xx_hal_pcd_ex.c ****   USBx->LPMCSR |= USB_LPMCSR_LPMACK;
ARM GAS  C:\Users\imkar\AppData\Local\Temp\ccWrGysQ.s 			page 16


 494:Drivers/STM32L4xx_HAL_Driver/Src/stm32l4xx_hal_pcd_ex.c **** 
 495:Drivers/STM32L4xx_HAL_Driver/Src/stm32l4xx_hal_pcd_ex.c ****   return HAL_OK;
 496:Drivers/STM32L4xx_HAL_Driver/Src/stm32l4xx_hal_pcd_ex.c **** }
 497:Drivers/STM32L4xx_HAL_Driver/Src/stm32l4xx_hal_pcd_ex.c **** 
 498:Drivers/STM32L4xx_HAL_Driver/Src/stm32l4xx_hal_pcd_ex.c **** /**
 499:Drivers/STM32L4xx_HAL_Driver/Src/stm32l4xx_hal_pcd_ex.c ****   * @brief  Deactivate LPM feature.
 500:Drivers/STM32L4xx_HAL_Driver/Src/stm32l4xx_hal_pcd_ex.c ****   * @param  hpcd PCD handle
 501:Drivers/STM32L4xx_HAL_Driver/Src/stm32l4xx_hal_pcd_ex.c ****   * @retval HAL status
 502:Drivers/STM32L4xx_HAL_Driver/Src/stm32l4xx_hal_pcd_ex.c ****   */
 503:Drivers/STM32L4xx_HAL_Driver/Src/stm32l4xx_hal_pcd_ex.c **** HAL_StatusTypeDef HAL_PCDEx_DeActivateLPM(PCD_HandleTypeDef *hpcd)
 504:Drivers/STM32L4xx_HAL_Driver/Src/stm32l4xx_hal_pcd_ex.c **** {
 505:Drivers/STM32L4xx_HAL_Driver/Src/stm32l4xx_hal_pcd_ex.c ****   USB_TypeDef *USBx = hpcd->Instance;
 506:Drivers/STM32L4xx_HAL_Driver/Src/stm32l4xx_hal_pcd_ex.c **** 
 507:Drivers/STM32L4xx_HAL_Driver/Src/stm32l4xx_hal_pcd_ex.c ****   hpcd->lpm_active = 0U;
 508:Drivers/STM32L4xx_HAL_Driver/Src/stm32l4xx_hal_pcd_ex.c **** 
 509:Drivers/STM32L4xx_HAL_Driver/Src/stm32l4xx_hal_pcd_ex.c ****   USBx->LPMCSR &= ~(USB_LPMCSR_LMPEN);
 510:Drivers/STM32L4xx_HAL_Driver/Src/stm32l4xx_hal_pcd_ex.c ****   USBx->LPMCSR &= ~(USB_LPMCSR_LPMACK);
 511:Drivers/STM32L4xx_HAL_Driver/Src/stm32l4xx_hal_pcd_ex.c **** 
 512:Drivers/STM32L4xx_HAL_Driver/Src/stm32l4xx_hal_pcd_ex.c ****   return HAL_OK;
 513:Drivers/STM32L4xx_HAL_Driver/Src/stm32l4xx_hal_pcd_ex.c **** }
 514:Drivers/STM32L4xx_HAL_Driver/Src/stm32l4xx_hal_pcd_ex.c **** 
 515:Drivers/STM32L4xx_HAL_Driver/Src/stm32l4xx_hal_pcd_ex.c **** #endif /* defined (USB) */
 516:Drivers/STM32L4xx_HAL_Driver/Src/stm32l4xx_hal_pcd_ex.c **** 
 517:Drivers/STM32L4xx_HAL_Driver/Src/stm32l4xx_hal_pcd_ex.c **** /**
 518:Drivers/STM32L4xx_HAL_Driver/Src/stm32l4xx_hal_pcd_ex.c ****   * @brief  Send LPM message to user layer callback.
 519:Drivers/STM32L4xx_HAL_Driver/Src/stm32l4xx_hal_pcd_ex.c ****   * @param  hpcd PCD handle
 520:Drivers/STM32L4xx_HAL_Driver/Src/stm32l4xx_hal_pcd_ex.c ****   * @param  msg LPM message
 521:Drivers/STM32L4xx_HAL_Driver/Src/stm32l4xx_hal_pcd_ex.c ****   * @retval HAL status
 522:Drivers/STM32L4xx_HAL_Driver/Src/stm32l4xx_hal_pcd_ex.c ****   */
 523:Drivers/STM32L4xx_HAL_Driver/Src/stm32l4xx_hal_pcd_ex.c **** __weak void HAL_PCDEx_LPM_Callback(PCD_HandleTypeDef *hpcd, PCD_LPM_MsgTypeDef msg)
 524:Drivers/STM32L4xx_HAL_Driver/Src/stm32l4xx_hal_pcd_ex.c **** {
 358              		.loc 1 524 1 is_stmt 1 view -0
 359              		.cfi_startproc
 360              		@ args = 0, pretend = 0, frame = 0
 361              		@ frame_needed = 0, uses_anonymous_args = 0
 362              		@ link register save eliminated.
 525:Drivers/STM32L4xx_HAL_Driver/Src/stm32l4xx_hal_pcd_ex.c ****   /* Prevent unused argument(s) compilation warning */
 526:Drivers/STM32L4xx_HAL_Driver/Src/stm32l4xx_hal_pcd_ex.c ****   UNUSED(hpcd);
 363              		.loc 1 526 3 view .LVU103
 527:Drivers/STM32L4xx_HAL_Driver/Src/stm32l4xx_hal_pcd_ex.c ****   UNUSED(msg);
 364              		.loc 1 527 3 view .LVU104
 528:Drivers/STM32L4xx_HAL_Driver/Src/stm32l4xx_hal_pcd_ex.c **** 
 529:Drivers/STM32L4xx_HAL_Driver/Src/stm32l4xx_hal_pcd_ex.c ****   /* NOTE : This function should not be modified, when the callback is needed,
 530:Drivers/STM32L4xx_HAL_Driver/Src/stm32l4xx_hal_pcd_ex.c ****             the HAL_PCDEx_LPM_Callback could be implemented in the user file
 531:Drivers/STM32L4xx_HAL_Driver/Src/stm32l4xx_hal_pcd_ex.c ****    */
 532:Drivers/STM32L4xx_HAL_Driver/Src/stm32l4xx_hal_pcd_ex.c **** }
 365              		.loc 1 532 1 is_stmt 0 view .LVU105
 366 0000 7047     		bx	lr
 367              		.cfi_endproc
 368              	.LFE139:
 370              		.section	.text.HAL_PCDEx_BCD_Callback,"ax",%progbits
 371              		.align	1
 372              		.weak	HAL_PCDEx_BCD_Callback
 373              		.syntax unified
 374              		.thumb
 375              		.thumb_func
 377              	HAL_PCDEx_BCD_Callback:
ARM GAS  C:\Users\imkar\AppData\Local\Temp\ccWrGysQ.s 			page 17


 378              	.LVL29:
 379              	.LFB140:
 533:Drivers/STM32L4xx_HAL_Driver/Src/stm32l4xx_hal_pcd_ex.c **** 
 534:Drivers/STM32L4xx_HAL_Driver/Src/stm32l4xx_hal_pcd_ex.c **** /**
 535:Drivers/STM32L4xx_HAL_Driver/Src/stm32l4xx_hal_pcd_ex.c ****   * @brief  Send BatteryCharging message to user layer callback.
 536:Drivers/STM32L4xx_HAL_Driver/Src/stm32l4xx_hal_pcd_ex.c ****   * @param  hpcd PCD handle
 537:Drivers/STM32L4xx_HAL_Driver/Src/stm32l4xx_hal_pcd_ex.c ****   * @param  msg LPM message
 538:Drivers/STM32L4xx_HAL_Driver/Src/stm32l4xx_hal_pcd_ex.c ****   * @retval HAL status
 539:Drivers/STM32L4xx_HAL_Driver/Src/stm32l4xx_hal_pcd_ex.c ****   */
 540:Drivers/STM32L4xx_HAL_Driver/Src/stm32l4xx_hal_pcd_ex.c **** __weak void HAL_PCDEx_BCD_Callback(PCD_HandleTypeDef *hpcd, PCD_BCD_MsgTypeDef msg)
 541:Drivers/STM32L4xx_HAL_Driver/Src/stm32l4xx_hal_pcd_ex.c **** {
 380              		.loc 1 541 1 is_stmt 1 view -0
 381              		.cfi_startproc
 382              		@ args = 0, pretend = 0, frame = 0
 383              		@ frame_needed = 0, uses_anonymous_args = 0
 384              		@ link register save eliminated.
 542:Drivers/STM32L4xx_HAL_Driver/Src/stm32l4xx_hal_pcd_ex.c ****   /* Prevent unused argument(s) compilation warning */
 543:Drivers/STM32L4xx_HAL_Driver/Src/stm32l4xx_hal_pcd_ex.c ****   UNUSED(hpcd);
 385              		.loc 1 543 3 view .LVU107
 544:Drivers/STM32L4xx_HAL_Driver/Src/stm32l4xx_hal_pcd_ex.c ****   UNUSED(msg);
 386              		.loc 1 544 3 view .LVU108
 545:Drivers/STM32L4xx_HAL_Driver/Src/stm32l4xx_hal_pcd_ex.c **** 
 546:Drivers/STM32L4xx_HAL_Driver/Src/stm32l4xx_hal_pcd_ex.c ****   /* NOTE : This function should not be modified, when the callback is needed,
 547:Drivers/STM32L4xx_HAL_Driver/Src/stm32l4xx_hal_pcd_ex.c ****             the HAL_PCDEx_BCD_Callback could be implemented in the user file
 548:Drivers/STM32L4xx_HAL_Driver/Src/stm32l4xx_hal_pcd_ex.c ****    */
 549:Drivers/STM32L4xx_HAL_Driver/Src/stm32l4xx_hal_pcd_ex.c **** }
 387              		.loc 1 549 1 is_stmt 0 view .LVU109
 388 0000 7047     		bx	lr
 389              		.cfi_endproc
 390              	.LFE140:
 392              		.section	.text.HAL_PCDEx_BCD_VBUSDetect,"ax",%progbits
 393              		.align	1
 394              		.global	HAL_PCDEx_BCD_VBUSDetect
 395              		.syntax unified
 396              		.thumb
 397              		.thumb_func
 399              	HAL_PCDEx_BCD_VBUSDetect:
 400              	.LVL30:
 401              	.LFB136:
 159:Drivers/STM32L4xx_HAL_Driver/Src/stm32l4xx_hal_pcd_ex.c ****   USB_OTG_GlobalTypeDef *USBx = hpcd->Instance;
 402              		.loc 1 159 1 is_stmt 1 view -0
 403              		.cfi_startproc
 404              		@ args = 0, pretend = 0, frame = 0
 405              		@ frame_needed = 0, uses_anonymous_args = 0
 159:Drivers/STM32L4xx_HAL_Driver/Src/stm32l4xx_hal_pcd_ex.c ****   USB_OTG_GlobalTypeDef *USBx = hpcd->Instance;
 406              		.loc 1 159 1 is_stmt 0 view .LVU111
 407 0000 70B5     		push	{r4, r5, r6, lr}
 408              	.LCFI3:
 409              		.cfi_def_cfa_offset 16
 410              		.cfi_offset 4, -16
 411              		.cfi_offset 5, -12
 412              		.cfi_offset 6, -8
 413              		.cfi_offset 14, -4
 414 0002 0646     		mov	r6, r0
 160:Drivers/STM32L4xx_HAL_Driver/Src/stm32l4xx_hal_pcd_ex.c ****   uint32_t tickstart = HAL_GetTick();
 415              		.loc 1 160 3 is_stmt 1 view .LVU112
 160:Drivers/STM32L4xx_HAL_Driver/Src/stm32l4xx_hal_pcd_ex.c ****   uint32_t tickstart = HAL_GetTick();
ARM GAS  C:\Users\imkar\AppData\Local\Temp\ccWrGysQ.s 			page 18


 416              		.loc 1 160 26 is_stmt 0 view .LVU113
 417 0004 0468     		ldr	r4, [r0]
 418              	.LVL31:
 161:Drivers/STM32L4xx_HAL_Driver/Src/stm32l4xx_hal_pcd_ex.c **** 
 419              		.loc 1 161 3 is_stmt 1 view .LVU114
 161:Drivers/STM32L4xx_HAL_Driver/Src/stm32l4xx_hal_pcd_ex.c **** 
 420              		.loc 1 161 24 is_stmt 0 view .LVU115
 421 0006 FFF7FEFF 		bl	HAL_GetTick
 422              	.LVL32:
 161:Drivers/STM32L4xx_HAL_Driver/Src/stm32l4xx_hal_pcd_ex.c **** 
 423              		.loc 1 161 24 view .LVU116
 424 000a 0546     		mov	r5, r0
 425              	.LVL33:
 164:Drivers/STM32L4xx_HAL_Driver/Src/stm32l4xx_hal_pcd_ex.c **** 
 426              		.loc 1 164 3 is_stmt 1 view .LVU117
 164:Drivers/STM32L4xx_HAL_Driver/Src/stm32l4xx_hal_pcd_ex.c **** 
 427              		.loc 1 164 15 is_stmt 0 view .LVU118
 428 000c A36B     		ldr	r3, [r4, #56]
 429 000e 43F48023 		orr	r3, r3, #262144
 430 0012 A363     		str	r3, [r4, #56]
 167:Drivers/STM32L4xx_HAL_Driver/Src/stm32l4xx_hal_pcd_ex.c ****   {
 431              		.loc 1 167 3 is_stmt 1 view .LVU119
 432              	.LVL34:
 433              	.L15:
 167:Drivers/STM32L4xx_HAL_Driver/Src/stm32l4xx_hal_pcd_ex.c ****   {
 434              		.loc 1 167 9 view .LVU120
 167:Drivers/STM32L4xx_HAL_Driver/Src/stm32l4xx_hal_pcd_ex.c ****   {
 435              		.loc 1 167 15 is_stmt 0 view .LVU121
 436 0014 A36B     		ldr	r3, [r4, #56]
 167:Drivers/STM32L4xx_HAL_Driver/Src/stm32l4xx_hal_pcd_ex.c ****   {
 437              		.loc 1 167 9 view .LVU122
 438 0016 13F0010F 		tst	r3, #1
 439 001a 0AD1     		bne	.L23
 170:Drivers/STM32L4xx_HAL_Driver/Src/stm32l4xx_hal_pcd_ex.c ****     {
 440              		.loc 1 170 5 is_stmt 1 view .LVU123
 170:Drivers/STM32L4xx_HAL_Driver/Src/stm32l4xx_hal_pcd_ex.c ****     {
 441              		.loc 1 170 10 is_stmt 0 view .LVU124
 442 001c FFF7FEFF 		bl	HAL_GetTick
 443              	.LVL35:
 170:Drivers/STM32L4xx_HAL_Driver/Src/stm32l4xx_hal_pcd_ex.c ****     {
 444              		.loc 1 170 24 view .LVU125
 445 0020 401B     		subs	r0, r0, r5
 170:Drivers/STM32L4xx_HAL_Driver/Src/stm32l4xx_hal_pcd_ex.c ****     {
 446              		.loc 1 170 8 view .LVU126
 447 0022 B0F57A7F 		cmp	r0, #1000
 448 0026 F5D9     		bls	.L15
 175:Drivers/STM32L4xx_HAL_Driver/Src/stm32l4xx_hal_pcd_ex.c **** #endif /* USE_HAL_PCD_REGISTER_CALLBACKS */
 449              		.loc 1 175 7 is_stmt 1 view .LVU127
 450 0028 FF21     		movs	r1, #255
 451 002a 3046     		mov	r0, r6
 452 002c FFF7FEFF 		bl	HAL_PCDEx_BCD_Callback
 453              	.LVL36:
 178:Drivers/STM32L4xx_HAL_Driver/Src/stm32l4xx_hal_pcd_ex.c ****     }
 454              		.loc 1 178 7 view .LVU128
 455 0030 23E0     		b	.L14
 456              	.L23:
 183:Drivers/STM32L4xx_HAL_Driver/Src/stm32l4xx_hal_pcd_ex.c **** 
ARM GAS  C:\Users\imkar\AppData\Local\Temp\ccWrGysQ.s 			page 19


 457              		.loc 1 183 3 view .LVU129
 458 0032 C820     		movs	r0, #200
 459 0034 FFF7FEFF 		bl	HAL_Delay
 460              	.LVL37:
 186:Drivers/STM32L4xx_HAL_Driver/Src/stm32l4xx_hal_pcd_ex.c ****   {
 461              		.loc 1 186 3 view .LVU130
 186:Drivers/STM32L4xx_HAL_Driver/Src/stm32l4xx_hal_pcd_ex.c ****   {
 462              		.loc 1 186 12 is_stmt 0 view .LVU131
 463 0038 A36B     		ldr	r3, [r4, #56]
 186:Drivers/STM32L4xx_HAL_Driver/Src/stm32l4xx_hal_pcd_ex.c ****   {
 464              		.loc 1 186 6 view .LVU132
 465 003a 13F0010F 		tst	r3, #1
 466 003e 1DD1     		bne	.L24
 467              	.L18:
 197:Drivers/STM32L4xx_HAL_Driver/Src/stm32l4xx_hal_pcd_ex.c ****   HAL_Delay(50U);
 468              		.loc 1 197 3 is_stmt 1 view .LVU133
 197:Drivers/STM32L4xx_HAL_Driver/Src/stm32l4xx_hal_pcd_ex.c ****   HAL_Delay(50U);
 469              		.loc 1 197 15 is_stmt 0 view .LVU134
 470 0040 A36B     		ldr	r3, [r4, #56]
 471 0042 23F48023 		bic	r3, r3, #262144
 472 0046 A363     		str	r3, [r4, #56]
 198:Drivers/STM32L4xx_HAL_Driver/Src/stm32l4xx_hal_pcd_ex.c ****   USBx->GCCFG |=  USB_OTG_GCCFG_PDEN;
 473              		.loc 1 198 3 is_stmt 1 view .LVU135
 474 0048 3220     		movs	r0, #50
 475 004a FFF7FEFF 		bl	HAL_Delay
 476              	.LVL38:
 199:Drivers/STM32L4xx_HAL_Driver/Src/stm32l4xx_hal_pcd_ex.c ****   HAL_Delay(50U);
 477              		.loc 1 199 3 view .LVU136
 199:Drivers/STM32L4xx_HAL_Driver/Src/stm32l4xx_hal_pcd_ex.c ****   HAL_Delay(50U);
 478              		.loc 1 199 15 is_stmt 0 view .LVU137
 479 004e A36B     		ldr	r3, [r4, #56]
 480 0050 43F40023 		orr	r3, r3, #524288
 481 0054 A363     		str	r3, [r4, #56]
 200:Drivers/STM32L4xx_HAL_Driver/Src/stm32l4xx_hal_pcd_ex.c **** 
 482              		.loc 1 200 3 is_stmt 1 view .LVU138
 483 0056 3220     		movs	r0, #50
 484 0058 FFF7FEFF 		bl	HAL_Delay
 485              	.LVL39:
 202:Drivers/STM32L4xx_HAL_Driver/Src/stm32l4xx_hal_pcd_ex.c ****   {
 486              		.loc 1 202 3 view .LVU139
 202:Drivers/STM32L4xx_HAL_Driver/Src/stm32l4xx_hal_pcd_ex.c ****   {
 487              		.loc 1 202 12 is_stmt 0 view .LVU140
 488 005c A36B     		ldr	r3, [r4, #56]
 202:Drivers/STM32L4xx_HAL_Driver/Src/stm32l4xx_hal_pcd_ex.c ****   {
 489              		.loc 1 202 6 view .LVU141
 490 005e 13F0020F 		tst	r3, #2
 491 0062 10D1     		bne	.L19
 208:Drivers/STM32L4xx_HAL_Driver/Src/stm32l4xx_hal_pcd_ex.c **** #endif /* USE_HAL_PCD_REGISTER_CALLBACKS */
 492              		.loc 1 208 5 is_stmt 1 view .LVU142
 493 0064 FD21     		movs	r1, #253
 494 0066 3046     		mov	r0, r6
 495 0068 FFF7FEFF 		bl	HAL_PCDEx_BCD_Callback
 496              	.LVL40:
 497              	.L20:
 241:Drivers/STM32L4xx_HAL_Driver/Src/stm32l4xx_hal_pcd_ex.c **** 
 498              		.loc 1 241 3 view .LVU143
 241:Drivers/STM32L4xx_HAL_Driver/Src/stm32l4xx_hal_pcd_ex.c **** 
ARM GAS  C:\Users\imkar\AppData\Local\Temp\ccWrGysQ.s 			page 20


 499              		.loc 1 241 9 is_stmt 0 view .LVU144
 500 006c 3046     		mov	r0, r6
 501 006e FFF7FEFF 		bl	HAL_PCDEx_DeActivateBCD
 502              	.LVL41:
 246:Drivers/STM32L4xx_HAL_Driver/Src/stm32l4xx_hal_pcd_ex.c **** #endif /* USE_HAL_PCD_REGISTER_CALLBACKS */
 503              		.loc 1 246 3 is_stmt 1 view .LVU145
 504 0072 0021     		movs	r1, #0
 505 0074 3046     		mov	r0, r6
 506 0076 FFF7FEFF 		bl	HAL_PCDEx_BCD_Callback
 507              	.LVL42:
 508              	.L14:
 248:Drivers/STM32L4xx_HAL_Driver/Src/stm32l4xx_hal_pcd_ex.c **** 
 509              		.loc 1 248 1 is_stmt 0 view .LVU146
 510 007a 70BD     		pop	{r4, r5, r6, pc}
 511              	.LVL43:
 512              	.L24:
 191:Drivers/STM32L4xx_HAL_Driver/Src/stm32l4xx_hal_pcd_ex.c **** #endif /* USE_HAL_PCD_REGISTER_CALLBACKS */
 513              		.loc 1 191 5 is_stmt 1 view .LVU147
 514 007c FE21     		movs	r1, #254
 515 007e 3046     		mov	r0, r6
 516 0080 FFF7FEFF 		bl	HAL_PCDEx_BCD_Callback
 517              	.LVL44:
 518 0084 DCE7     		b	.L18
 519              	.L19:
 215:Drivers/STM32L4xx_HAL_Driver/Src/stm32l4xx_hal_pcd_ex.c ****     HAL_Delay(50U);
 520              		.loc 1 215 5 view .LVU148
 215:Drivers/STM32L4xx_HAL_Driver/Src/stm32l4xx_hal_pcd_ex.c ****     HAL_Delay(50U);
 521              		.loc 1 215 17 is_stmt 0 view .LVU149
 522 0086 A36B     		ldr	r3, [r4, #56]
 523 0088 23F40023 		bic	r3, r3, #524288
 524 008c A363     		str	r3, [r4, #56]
 216:Drivers/STM32L4xx_HAL_Driver/Src/stm32l4xx_hal_pcd_ex.c ****     USBx->GCCFG |=  USB_OTG_GCCFG_SDEN;
 525              		.loc 1 216 5 is_stmt 1 view .LVU150
 526 008e 3220     		movs	r0, #50
 527 0090 FFF7FEFF 		bl	HAL_Delay
 528              	.LVL45:
 217:Drivers/STM32L4xx_HAL_Driver/Src/stm32l4xx_hal_pcd_ex.c ****     HAL_Delay(50U);
 529              		.loc 1 217 5 view .LVU151
 217:Drivers/STM32L4xx_HAL_Driver/Src/stm32l4xx_hal_pcd_ex.c ****     HAL_Delay(50U);
 530              		.loc 1 217 17 is_stmt 0 view .LVU152
 531 0094 A36B     		ldr	r3, [r4, #56]
 532 0096 43F48013 		orr	r3, r3, #1048576
 533 009a A363     		str	r3, [r4, #56]
 218:Drivers/STM32L4xx_HAL_Driver/Src/stm32l4xx_hal_pcd_ex.c **** 
 534              		.loc 1 218 5 is_stmt 1 view .LVU153
 535 009c 3220     		movs	r0, #50
 536 009e FFF7FEFF 		bl	HAL_Delay
 537              	.LVL46:
 220:Drivers/STM32L4xx_HAL_Driver/Src/stm32l4xx_hal_pcd_ex.c ****     {
 538              		.loc 1 220 5 view .LVU154
 220:Drivers/STM32L4xx_HAL_Driver/Src/stm32l4xx_hal_pcd_ex.c ****     {
 539              		.loc 1 220 14 is_stmt 0 view .LVU155
 540 00a2 A36B     		ldr	r3, [r4, #56]
 220:Drivers/STM32L4xx_HAL_Driver/Src/stm32l4xx_hal_pcd_ex.c ****     {
 541              		.loc 1 220 8 view .LVU156
 542 00a4 13F0040F 		tst	r3, #4
 543 00a8 04D0     		beq	.L21
ARM GAS  C:\Users\imkar\AppData\Local\Temp\ccWrGysQ.s 			page 21


 226:Drivers/STM32L4xx_HAL_Driver/Src/stm32l4xx_hal_pcd_ex.c **** #endif /* USE_HAL_PCD_REGISTER_CALLBACKS */
 544              		.loc 1 226 7 is_stmt 1 view .LVU157
 545 00aa FB21     		movs	r1, #251
 546 00ac 3046     		mov	r0, r6
 547 00ae FFF7FEFF 		bl	HAL_PCDEx_BCD_Callback
 548              	.LVL47:
 549 00b2 DBE7     		b	.L20
 550              	.L21:
 235:Drivers/STM32L4xx_HAL_Driver/Src/stm32l4xx_hal_pcd_ex.c **** #endif /* USE_HAL_PCD_REGISTER_CALLBACKS */
 551              		.loc 1 235 7 view .LVU158
 552 00b4 FC21     		movs	r1, #252
 553 00b6 3046     		mov	r0, r6
 554 00b8 FFF7FEFF 		bl	HAL_PCDEx_BCD_Callback
 555              	.LVL48:
 556 00bc D6E7     		b	.L20
 557              		.cfi_endproc
 558              	.LFE136:
 560              		.text
 561              	.Letext0:
 562              		.file 2 "c:\\tools\\gcc-arm-none-eabi-10.3-2021.10-win32\\gcc-arm-none-eabi-10.3-2021.10\\arm-none
 563              		.file 3 "c:\\tools\\gcc-arm-none-eabi-10.3-2021.10-win32\\gcc-arm-none-eabi-10.3-2021.10\\arm-none
 564              		.file 4 "Drivers/CMSIS/Device/ST/STM32L4xx/Include/stm32l475xx.h"
 565              		.file 5 "Drivers/STM32L4xx_HAL_Driver/Inc/stm32l4xx_hal_def.h"
 566              		.file 6 "Drivers/STM32L4xx_HAL_Driver/Inc/stm32l4xx_ll_usb.h"
 567              		.file 7 "Drivers/STM32L4xx_HAL_Driver/Inc/stm32l4xx_hal_pcd.h"
 568              		.file 8 "Drivers/STM32L4xx_HAL_Driver/Inc/stm32l4xx_hal.h"
ARM GAS  C:\Users\imkar\AppData\Local\Temp\ccWrGysQ.s 			page 22


DEFINED SYMBOLS
                            *ABS*:00000000 stm32l4xx_hal_pcd_ex.c
C:\Users\imkar\AppData\Local\Temp\ccWrGysQ.s:20     .text.HAL_PCDEx_SetTxFiFo:00000000 $t
C:\Users\imkar\AppData\Local\Temp\ccWrGysQ.s:26     .text.HAL_PCDEx_SetTxFiFo:00000000 HAL_PCDEx_SetTxFiFo
C:\Users\imkar\AppData\Local\Temp\ccWrGysQ.s:122    .text.HAL_PCDEx_SetRxFiFo:00000000 $t
C:\Users\imkar\AppData\Local\Temp\ccWrGysQ.s:128    .text.HAL_PCDEx_SetRxFiFo:00000000 HAL_PCDEx_SetRxFiFo
C:\Users\imkar\AppData\Local\Temp\ccWrGysQ.s:151    .text.HAL_PCDEx_ActivateLPM:00000000 $t
C:\Users\imkar\AppData\Local\Temp\ccWrGysQ.s:157    .text.HAL_PCDEx_ActivateLPM:00000000 HAL_PCDEx_ActivateLPM
C:\Users\imkar\AppData\Local\Temp\ccWrGysQ.s:201    .text.HAL_PCDEx_DeActivateLPM:00000000 $t
C:\Users\imkar\AppData\Local\Temp\ccWrGysQ.s:207    .text.HAL_PCDEx_DeActivateLPM:00000000 HAL_PCDEx_DeActivateLPM
C:\Users\imkar\AppData\Local\Temp\ccWrGysQ.s:247    .text.HAL_PCDEx_ActivateBCD:00000000 $t
C:\Users\imkar\AppData\Local\Temp\ccWrGysQ.s:253    .text.HAL_PCDEx_ActivateBCD:00000000 HAL_PCDEx_ActivateBCD
C:\Users\imkar\AppData\Local\Temp\ccWrGysQ.s:301    .text.HAL_PCDEx_DeActivateBCD:00000000 $t
C:\Users\imkar\AppData\Local\Temp\ccWrGysQ.s:307    .text.HAL_PCDEx_DeActivateBCD:00000000 HAL_PCDEx_DeActivateBCD
C:\Users\imkar\AppData\Local\Temp\ccWrGysQ.s:349    .text.HAL_PCDEx_LPM_Callback:00000000 $t
C:\Users\imkar\AppData\Local\Temp\ccWrGysQ.s:355    .text.HAL_PCDEx_LPM_Callback:00000000 HAL_PCDEx_LPM_Callback
C:\Users\imkar\AppData\Local\Temp\ccWrGysQ.s:371    .text.HAL_PCDEx_BCD_Callback:00000000 $t
C:\Users\imkar\AppData\Local\Temp\ccWrGysQ.s:377    .text.HAL_PCDEx_BCD_Callback:00000000 HAL_PCDEx_BCD_Callback
C:\Users\imkar\AppData\Local\Temp\ccWrGysQ.s:393    .text.HAL_PCDEx_BCD_VBUSDetect:00000000 $t
C:\Users\imkar\AppData\Local\Temp\ccWrGysQ.s:399    .text.HAL_PCDEx_BCD_VBUSDetect:00000000 HAL_PCDEx_BCD_VBUSDetect

UNDEFINED SYMBOLS
HAL_GetTick
HAL_Delay
